data/TVData/2116/101-200/Store_Demo_001-2020-06-22-09-14-08-0006.jpg
data/TVData/2116/101-200/MP4_Playback-2020-06-22-09-14-08-0007.jpg
data/TVData/2116/101-200/Netflix_EDR_001-2020-06-22-09-14-08-0017.jpg
data/TVData/2116/101-200/Netflix_SDR_001-2020-06-22-09-14-08-0008.jpg
data/TVData/2116/101-200/Store_Demo_001-2020-06-22-09-14-08-0009.jpg
data/TVData/2116/101-200/Netflix_HDR10_001-2020-06-22-09-14-08-0013.jpg
data/TVData/2116/101-200/Netflix_SDR_001-2020-06-22-09-14-08-0016.jpg
data/TVData/2116/101-200/Netflix_HDR10_001-2020-06-22-09-14-08-0011.jpg
data/TVData/2116/101-200/Netflix_SDR_001-2020-06-22-09-14-08-0002.jpg
data/TVData/2116/101-200/Netflix_HDR10_001-2020-06-22-09-14-08-0009.jpg
data/TVData/2116/101-200/Netflix_EDR_001-2020-06-22-09-14-08-0010.jpg
data/TVData/2116/101-200/MP4_Playback-2020-06-22-09-14-08-0016.jpg
data/TVData/2116/101-200/Photo_Playback-2020-06-22-09-14-08-0004.jpg
data/TVData/2116/101-200/MP4_Playback-2020-06-22-09-14-08-0027.jpg
data/TVData/2116/101-200/Netflix_SDR_001-2020-06-22-09-14-08-0003.jpg
data/TVData/2116/101-200/Netflix_EDR_001-2020-06-22-09-14-08-0005.jpg
data/TVData/2116/101-200/Netflix_SDR_001-2020-06-22-09-14-08-0005.jpg
data/TVData/2116/101-200/Store_Demo_001-2020-06-22-09-14-08-0005.jpg
data/TVData/2116/101-200/Netflix_EDR_001-2020-06-22-09-14-08-0014.jpg
data/TVData/2116/101-200/Store_Demo_001-2020-06-22-09-14-08-0004.jpg
data/TVData/2116/101-200/Netflix_SDR_001-2020-06-22-09-14-08-0017.jpg
data/TVData/2116/101-200/Netflix_SDR_001-2020-06-22-09-14-08-0012.jpg
data/TVData/2116/101-200/Netflix_HDR10_001-2020-06-22-09-14-08-0015.jpg
data/TVData/2116/101-200/Netflix_HDR10_001-2020-06-22-09-14-08-0008.jpg
data/TVData/2116/101-200/MP4_Playback-2020-06-22-09-14-08-0018.jpg
data/TVData/2116/101-200/Photo_Playback-2020-06-22-09-14-08-0002.jpg
data/TVData/2116/101-200/MP4_Playback-2020-06-22-09-14-08-0029.jpg
data/TVData/2116/101-200/MP4_Playback-2020-06-22-09-14-08-0019.jpg
data/TVData/2116/101-200/Netflix_HDR10_001-2020-06-22-09-14-08-0004.jpg
data/TVData/2116/101-200/Netflix_HDR10_001-2020-06-22-09-14-08-0005.jpg
data/TVData/2116/101-200/MP4_Playback-2020-06-22-09-14-08-0006.jpg
data/TVData/2116/101-200/Netflix_HDR10_001-2020-06-22-09-14-08-0017.jpg
data/TVData/2116/101-200/MP4_Playback-2020-06-22-09-14-08-0008.jpg
data/TVData/2116/101-200/Netflix_Wake_001-2020-06-22-09-14-08-0005.jpg
data/TVData/2116/101-200/Netflix_HDR10_001-2020-06-22-09-14-08-0012.jpg
data/TVData/2116/101-200/MP4_Playback-2020-06-22-09-14-08-0017.jpg
data/TVData/2116/101-200/MP4_Playback-2020-06-22-09-14-08-0028.jpg
data/TVData/2116/101-200/Store_Demo_001-2020-06-22-09-14-08-0010.jpg
data/TVData/2116/101-200/Netflix_EDR_001-2020-06-22-09-14-08-0008.jpg
data/TVData/2116/101-200/Netflix_SDR_001-2020-06-22-09-14-08-0015.jpg
data/TVData/2116/101-200/MP4_Playback-2020-06-22-09-14-08-0025.jpg
data/TVData/2116/101-200/Netflix_EDR_001-2020-06-22-09-14-08-0015.jpg
data/TVData/2116/101-200/Netflix_EDR_001-2020-06-22-09-14-08-0011.jpg
data/TVData/2116/101-200/Store_Demo_001-2020-06-22-09-14-08-0007.jpg
data/TVData/2116/101-200/Netflix_Wake_001-2020-06-22-09-14-08-0003.jpg
data/TVData/2116/101-200/MP4_Playback-2020-06-22-09-14-08-0009.jpg
data/TVData/2116/101-200/Netflix_HDR10_001-2020-06-22-09-14-08-0014.jpg
data/TVData/2116/101-200/MP4_Playback-2020-06-22-09-14-08-0031.jpg
data/TVData/2116/101-200/Netflix_HDR10_001-2020-06-22-09-14-08-0001.jpg
data/TVData/2116/101-200/Netflix_Wake_001-2020-06-22-09-14-08-0001.jpg
data/TVData/2116/101-200/MP4_Playback-2020-06-22-09-14-08-0026.jpg
data/TVData/2116/101-200/MP4_Playback-2020-06-22-09-14-08-0012.jpg
data/TVData/2116/101-200/Netflix_HDR10_001-2020-06-22-09-14-08-0007.jpg
data/TVData/2116/101-200/MP4_Playback-2020-06-22-09-14-08-0032.jpg
data/TVData/2116/101-200/Netflix_EDR_001-2020-06-22-09-14-08-0006.jpg
data/TVData/2116/101-200/Netflix_Wake_001-2020-06-22-09-14-08-0006.jpg
data/TVData/2116/101-200/Netflix_EDR_001-2020-06-22-09-14-08-0009.jpg
data/TVData/2116/101-200/MP4_Playback-2020-06-22-09-14-08-0023.jpg
data/TVData/2116/101-200/Netflix_SDR_001-2020-06-22-09-14-08-0010.jpg
data/TVData/2116/101-200/MP4_Playback-2020-06-22-09-14-08-0015.jpg
data/TVData/2116/101-200/Photo_Playback-2020-06-22-09-14-08-0003.jpg
data/TVData/2116/101-200/Netflix_SDR_001-2020-06-22-09-14-08-0004.jpg
data/TVData/2116/101-200/Netflix_SDR_001-2020-06-22-09-14-08-0011.jpg
data/TVData/2116/101-200/Netflix_EDR_001-2020-06-22-09-14-08-0003.jpg
data/TVData/2116/101-200/Netflix_EDR_001-2020-06-22-09-14-08-0012.jpg
data/TVData/2116/101-200/Store_Demo_001-2020-06-22-09-14-08-0008.jpg
data/TVData/2116/101-200/MP4_Playback-2020-06-22-09-14-08-0030.jpg
data/TVData/2116/101-200/MP4_Playback-2020-06-22-09-14-08-0014.jpg
data/TVData/2116/101-200/Netflix_SDR_001-2020-06-22-09-14-08-0006.jpg
data/TVData/2116/101-200/Netflix_Wake_001-2020-06-22-09-14-08-0002.jpg
data/TVData/2116/101-200/MP4_Playback-2020-06-22-09-14-08-0010.jpg
data/TVData/2116/101-200/MP4_Playback-2020-06-22-09-14-08-0024.jpg
data/TVData/2116/101-200/Photo_Playback-2020-06-22-09-14-08-0001.jpg
data/TVData/2116/101-200/Netflix_SDR_001-2020-06-22-09-14-08-0009.jpg
data/TVData/2116/101-200/MP4_Playback-2020-06-22-09-14-08-0020.jpg
data/TVData/2116/101-200/Netflix_HDR10_001-2020-06-22-09-14-08-0006.jpg
data/TVData/2116/101-200/Netflix_EDR_001-2020-06-22-09-14-08-0004.jpg
data/TVData/2116/101-200/MP4_Playback-2020-06-22-09-14-08-0005.jpg
data/TVData/2116/101-200/Netflix_SDR_001-2020-06-22-09-14-08-0001.jpg
data/TVData/2116/101-200/Netflix_EDR_001-2020-06-22-09-14-08-0002.jpg
data/TVData/2116/101-200/Store_Demo_001-2020-06-22-09-14-08-0003.jpg
data/TVData/2116/101-200/Netflix_EDR_001-2020-06-22-09-14-08-0016.jpg
data/TVData/2116/101-200/Netflix_HDR10_001-2020-06-22-09-14-08-0003.jpg
data/TVData/2116/201-300/Store_Demo_Disable_001-2020-06-22-09-14-08-0005.jpg
data/TVData/2116/201-300/ZOOM_OFF_VIDEO-2020-06-22-09-14-08-0003.jpg
data/TVData/2116/201-300/SWU_001-2020-06-22-09-14-08-0002.jpg
data/TVData/2116/201-300/Store_Demo_001-2020-06-22-09-14-08-0012.jpg
data/TVData/2116/201-300/VUDU_launch_001-2020-06-22-09-14-08-0002.jpg
data/TVData/2116/201-300/ZOOM_ON_VIDEO-2020-06-22-09-14-08-0004.jpg
data/TVData/2116/201-300/ZOOM_OFF_VIDEO-2020-06-22-09-14-08-0002.jpg
data/TVData/2116/201-300/Store_Demo_Disable_001-2020-06-22-09-14-08-0002.jpg
data/TVData/2116/201-300/ZOOM_OFF_VIDEO-2020-06-22-09-14-08-0001.jpg
data/TVData/2116/201-300/ZOOM_ON_VIDEO-2020-06-22-09-14-08-0001.jpg
data/TVData/2116/201-300/SwitchtoCast_001-2020-06-22-09-14-08_1.jpg
data/TVData/2116/201-300/Store_Demo_Disable_001-2020-06-22-09-14-08-0003.jpg
data/TVData/2116/201-300/SWU_001-2020-06-22-09-14-08-0001.jpg
data/TVData/2116/201-300/ZOOM_OFF_VIDEO-2020-06-22-09-14-08-0004.jpg
data/TVData/2116/201-300/ZOOM_ON_VIDEO-2020-06-22-09-14-08-0002.jpg
data/TVData/2116/201-300/VUDU_launch_001-2020-06-22-09-14-08-0001.jpg
data/TVData/2116/201-300/Store_Demo_Disable_001-2020-06-22-09-14-08-0006.jpg
data/TVData/2116/201-300/Store_Demo_001-2020-06-22-09-14-08-0011.jpg
data/TVData/2116/201-300/ZOOM_ON_VIDEO-2020-06-22-09-14-08-0003.jpg
data/TVData/2116/201-300/Volume_Volume_001-2020-06-22-09-14-08_1.jpg
data/TVData/2116/201-300/Store_Demo_Disable_001-2020-06-22-09-14-08-0007.jpg
data/TVData/2116/001-100/Colbat_Youtube_Playback-2020-06-22-09-14-08-0027.jpg
data/TVData/2116/001-100/HDMI2DCPIC_001-2020-06-22-09-14-08_1.jpg
data/TVData/2116/001-100/HDMI2_001-2020-06-22-09-14-08-0005.jpg
data/TVData/2116/001-100/MP4_Playback-2020-06-22-09-14-08-0003.jpg
data/TVData/2116/001-100/Cast_Youtube_VP9-2020-06-22-09-14-08-0001.jpg
data/TVData/2116/001-100/COMPPIC_001-2020-06-22-09-14-08-0004.jpg
data/TVData/2116/001-100/Colbat_Youtube_Playback-2020-06-22-09-14-08-0025.jpg
data/TVData/2116/001-100/Cast_Netflix_DolbyVision_002-2020-06-22-09-14-08-0001.jpg
data/TVData/2116/001-100/Colbat_Youtube_Playback-2020-06-22-09-14-08-0020.jpg
data/TVData/2116/001-100/COMPPIC_001-2020-06-22-09-14-08-0001.jpg
data/TVData/2116/001-100/Colbat_Youtube_Playback-2020-06-22-09-14-08-0015.jpg
data/TVData/2116/001-100/MP4_Playback-2020-06-22-09-14-08-0004.jpg
data/TVData/2116/001-100/Full UHD_Color_On_001-2020-06-22-09-14-08_1.jpg
data/TVData/2116/001-100/Colbat_Youtube_Playback-2020-06-22-09-14-08-0002.jpg
data/TVData/2116/001-100/HDMI1DCPIC_001-2020-06-22-09-14-08_1.jpg
data/TVData/2116/001-100/Activity Data Terms_001-2020-06-22-09-14-08-0001.jpg
data/TVData/2116/001-100/MP3_Playback-2020-06-22-09-14-08-0001.jpg
data/TVData/2116/001-100/Colbat_Youtube_Playback-2020-06-22-09-14-08-0009.jpg
data/TVData/2116/001-100/Amazon_wake_001-2020-06-22-09-14-08_1.jpg
data/TVData/2116/001-100/Activity Data Terms_001-2020-06-22-09-14-08-0004.jpg
data/TVData/2116/001-100/Colbat_Youtube_Playback-2020-06-22-09-14-08-0011.jpg
data/TVData/2116/001-100/Castsource_001-2020-06-22-09-14-08-0003.jpg
data/TVData/2116/001-100/HDMI1_001-2020-06-22-09-14-08-0001.jpg
data/TVData/2116/001-100/Cast_Netflix_HDR10_002-2020-06-22-09-14-08-0001.jpg
data/TVData/2116/001-100/MP3_Playback-2020-06-22-09-14-08-0003.jpg
data/TVData/2116/001-100/Colbat_Youtube_Playback-2020-06-22-09-14-08-0012.jpg
data/TVData/2116/001-100/Colbat_Youtube_Playback-2020-06-22-09-14-08-0010.jpg
data/TVData/2116/001-100/Colbat_Youtube_Playback-2020-06-22-09-14-08-0024.jpg
data/TVData/2116/001-100/Cast_Disney+-2020-06-22-09-14-08-0001.jpg
data/TVData/2116/001-100/COMPPIC_001-2020-06-22-09-14-08-0002.jpg
data/TVData/2116/001-100/Colbat_Youtube_Playback-2020-06-22-09-14-08-0032.jpg
data/TVData/2116/001-100/HDMI3_001-2020-06-22-09-14-08-0004.jpg
data/TVData/2116/001-100/HDMI4_001-2020-06-22-09-14-08-0001.jpg
data/TVData/2116/001-100/Colbat_Youtube_Playback-2020-06-22-09-14-08-0005.jpg
data/TVData/2116/001-100/Cast_Netflix_DolbyVision_002-2020-06-22-09-14-08-0003.jpg
data/TVData/2116/001-100/HDMI1_001-2020-06-22-09-14-08-0002.jpg
data/TVData/2116/001-100/Colbat_Youtube_Playback-2020-06-22-09-14-08-0031.jpg
data/TVData/2116/001-100/HDMI2_001-2020-06-22-09-14-08-0002.jpg
data/TVData/2116/001-100/Cast_Netflix_SDR_002-2020-06-22-09-14-08-0001.jpg
data/TVData/2116/001-100/Cast_Youtube_HDR10-2020-06-22-09-14-08-0001.jpg
data/TVData/2116/001-100/CC_ON_VIDEO-2020-06-22-09-14-08-0002.jpg
data/TVData/2116/001-100/Colbat_Youtube_Playback-2020-06-22-09-14-08-0029.jpg
data/TVData/2116/001-100/Colbat_Youtube_Playback-2020-06-22-09-14-08-0021.jpg
data/TVData/2116/001-100/CC_ON_VIDEO-2020-06-22-09-14-08-0003.jpg
data/TVData/2116/001-100/Colbat_Youtube_Playback-2020-06-22-09-14-08-0008.jpg
data/TVData/2116/001-100/Cast_Youtube_VP9-2020-06-22-09-14-08-0002.jpg
data/TVData/2116/001-100/CC_ON_VIDEO-2020-06-22-09-14-08-0004.jpg
data/TVData/2116/001-100/MP3_Playback-2020-06-22-09-14-08-0004.jpg
data/TVData/2116/001-100/HDMI3_001-2020-06-22-09-14-08-0001.jpg
data/TVData/2116/001-100/Activity Data Terms_001-2020-06-22-09-14-08-0003.jpg
data/TVData/2116/001-100/HDMI2_001-2020-06-22-09-14-08-0001.jpg
data/TVData/2116/001-100/HDMI3DCPIC_001-2020-06-22-09-14-08_1.jpg
data/TVData/2116/001-100/COMPPIC_001-2020-06-22-09-14-08-0005.jpg
data/TVData/2116/001-100/COMPPIC_001-2020-06-22-09-14-08-0003.jpg
data/TVData/2116/001-100/COMPDCPIC_001-2020-06-22-09-14-08_1.jpg
data/TVData/2116/001-100/Colbat_Youtube_Playback-2020-06-22-09-14-08-0028.jpg
data/TVData/2116/001-100/HDMI2_001-2020-06-22-09-14-08-0003.jpg
data/TVData/2116/001-100/Colbat_Youtube_Playback-2020-06-22-09-14-08-0018.jpg
data/TVData/2116/001-100/HDMI4DCPIC_001-2020-06-22-09-14-08_1.jpg
data/TVData/2116/001-100/Castsource_001-2020-06-22-09-14-08-0006.jpg
data/TVData/2116/001-100/Cast_Netflix_HDR10_002-2020-06-22-09-14-08-0002.jpg
data/TVData/2116/001-100/Cast_Disney+-2020-06-22-09-14-08-0002.jpg
data/TVData/2116/001-100/Colbat_Youtube_Playback-2020-06-22-09-14-08-0030.jpg
data/TVData/2116/001-100/Cast_Netflix_DolbyVision_002-2020-06-22-09-14-08-0002.jpg
data/TVData/2116/001-100/Colbat_Youtube_Playback-2020-06-22-09-14-08-0007.jpg
data/TVData/2116/001-100/HDMI2_001-2020-06-22-09-14-08-0004.jpg
data/TVData/2116/001-100/Colbat_Youtube_Playback-2020-06-22-09-14-08-0022.jpg
data/TVData/2116/001-100/HDMI1_001-2020-06-22-09-14-08-0003.jpg
data/TVData/2116/001-100/MP4_Playback-2020-06-22-09-14-08-0001.jpg
data/TVData/2116/001-100/Cast_Youtube_HDR10-2020-06-22-09-14-08-0002.jpg
data/TVData/2116/001-100/Colbat_Youtube_Playback-2020-06-22-09-14-08-0013.jpg
data/TVData/2116/001-100/Colbat_Youtube_Playback-2020-06-22-09-14-08-0019.jpg
data/TVData/2116/001-100/HDMI4_001-2020-06-22-09-14-08-0004.jpg
data/TVData/2116/001-100/Colbat_Youtube_Playback-2020-06-22-09-14-08-0004.jpg
data/TVData/2116/001-100/Colbat_Youtube_Playback-2020-06-22-09-14-08-0017.jpg
data/TVData/2116/001-100/Colbat_Youtube_Playback-2020-06-22-09-14-08-0014.jpg
data/TVData/2116/001-100/Castsource_001-2020-06-22-09-14-08-0005.jpg
data/TVData/2071/picture/100-199/Cast-Netflix-SDR-002-2020-05-29-22-27-14-0042.jpg
data/TVData/2071/picture/100-199/Cast-Netflix-HDR10-002-2020-05-29-22-27-14-0037.jpg
data/TVData/2071/picture/100-199/Cast-Netflix-SDR-002-2020-05-29-22-27-14-0004.jpg
data/TVData/2071/picture/100-199/Cast-Netflix-HDR10-002-2020-05-29-22-27-14-0042.jpg
data/TVData/2071/picture/100-199/Cast-Netflix-HDR10-002-2020-05-29-22-27-14-0016.jpg
data/TVData/2071/picture/100-199/Cast-Netflix-HDR10-002-2020-05-29-22-27-14-0021.jpg
data/TVData/2071/picture/100-199/Cast-Netflix-HDR10-002-2020-05-29-22-27-14-0036.jpg
data/TVData/2071/picture/100-199/Cast-Netflix-SDR-002-2020-05-29-22-27-14-0018.jpg
data/TVData/2071/picture/100-199/Cast-Netflix-SDR-002-2020-05-29-22-27-14-0008.jpg
data/TVData/2071/picture/100-199/Cast-Netflix-SDR-002-2020-05-29-22-27-14-0020.jpg
data/TVData/2071/picture/100-199/Cast-Netflix-SDR-002-2020-05-29-22-27-14-0027.jpg
data/TVData/2071/picture/100-199/Cast-Netflix-HDR10-002-2020-05-29-22-27-14-0002.jpg
data/TVData/2071/picture/100-199/Cast-Netflix-HDR10-002-2020-05-29-22-27-14-0020.jpg
data/TVData/2071/picture/100-199/Cast-Youtube-HDR10-2020-05-29-22-27-14-0005.jpg
data/TVData/2071/picture/100-199/Cast-Netflix-HDR10-002-2020-05-29-22-27-14-0019.jpg
data/TVData/2071/picture/100-199/Cast-Netflix-HDR10-002-2020-05-29-22-27-14-0041.jpg
data/TVData/2071/picture/100-199/Cast-Netflix-SDR-002-2020-05-29-22-27-14-0002.jpg
data/TVData/2071/picture/100-199/Cast-Youtube-HDR10-2020-05-29-22-27-14-0002.jpg
data/TVData/2071/picture/100-199/Cast-Netflix-SDR-002-2020-05-29-22-27-14-0015.jpg
data/TVData/2071/picture/100-199/Cast-Netflix-HDR10-002-2020-05-29-22-27-14-0040.jpg
data/TVData/2071/picture/100-199/Cast-Netflix-HDR10-002-2020-05-29-22-27-14-0003.jpg
data/TVData/2071/picture/100-199/Cast-Netflix-HDR10-002-2020-05-29-22-27-14-0023.jpg
data/TVData/2071/picture/100-199/Cast-Netflix-HDR10-002-2020-05-29-22-27-14-0027.jpg
data/TVData/2071/picture/100-199/Castsource-001-2020-05-29-22-27-14-0003.jpg
data/TVData/2071/picture/100-199/Cast-Netflix-HDR10-002-2020-05-29-22-27-14-0026.jpg
data/TVData/2071/picture/100-199/Cast-Netflix-SDR-002-2020-05-29-22-27-14-0009.jpg
data/TVData/2071/picture/100-199/Cast-Netflix-SDR-002-2020-05-29-22-27-14-0036.jpg
data/TVData/2071/picture/100-199/Cast-Netflix-SDR-002-2020-05-29-22-27-14-0038.jpg
data/TVData/2071/picture/100-199/Cast-Netflix-HDR10-002-2020-05-29-22-27-14-0029.jpg
data/TVData/2071/picture/100-199/Cast-Netflix-HDR10-002-2020-05-29-22-27-14-0009.jpg
data/TVData/2071/picture/100-199/Cast-Netflix-HDR10-002-2020-05-29-22-27-14-0028.jpg
data/TVData/2071/picture/100-199/Cast-Netflix-SDR-002-2020-05-29-22-27-14-0039.jpg
data/TVData/2071/picture/100-199/Castsource-001-2020-05-29-22-27-14-0001.jpg
data/TVData/2071/picture/100-199/Cast-Netflix-SDR-002-2020-05-29-22-27-14-0021.jpg
data/TVData/2071/picture/100-199/Castsource-001-2020-05-29-22-27-14-0005.jpg
data/TVData/2071/picture/100-199/Cast-Netflix-HDR10-002-2020-05-29-22-27-14-0022.jpg
data/TVData/2071/picture/100-199/Cast-Netflix-SDR-002-2020-05-29-22-27-14-0041.jpg
data/TVData/2071/picture/100-199/Cast-Netflix-HDR10-002-2020-05-29-22-27-14-0008.jpg
data/TVData/2071/picture/100-199/Cast-Youtube-HDR10-2020-05-29-22-27-14-0009.jpg
data/TVData/2071/picture/100-199/Cast-Netflix-SDR-002-2020-05-29-22-27-14-0016.jpg
data/TVData/2071/picture/100-199/Cast-Netflix-HDR10-002-2020-05-29-22-27-14-0033.jpg
data/TVData/2071/picture/100-199/Cast-Youtube-HDR10-2020-05-29-22-27-14-0003.jpg
data/TVData/2071/picture/100-199/Cast-Netflix-HDR10-002-2020-05-29-22-27-14-0032.jpg
data/TVData/2071/picture/100-199/Cast-Netflix-HDR10-002-2020-05-29-22-27-14-0018.jpg
data/TVData/2071/picture/100-199/Cast-Netflix-HDR10-002-2020-05-29-22-27-14-0025.jpg
data/TVData/2071/picture/100-199/Cast-Netflix-HDR10-002-2020-05-29-22-27-14-0007.jpg
data/TVData/2071/picture/100-199/Cast-Netflix-SDR-002-2020-05-29-22-27-14-0019.jpg
data/TVData/2071/picture/100-199/Cast-Netflix-HDR10-002-2020-05-29-22-27-14-0035.jpg
data/TVData/2071/picture/100-199/Cast-Netflix-HDR10-002-2020-05-29-22-27-14-0013.jpg
data/TVData/2071/picture/100-199/Cast-Netflix-HDR10-002-2020-05-29-22-27-14-0015.jpg
data/TVData/2071/picture/100-199/Cast-Netflix-SDR-002-2020-05-29-22-27-14-0007.jpg
data/TVData/2071/picture/100-199/Cast-Netflix-HDR10-002-2020-05-29-22-27-14-0014.jpg
data/TVData/2071/picture/100-199/Cast-Youtube-HDR10-2020-05-29-22-27-14-0007.jpg
data/TVData/2071/picture/100-199/Cast-Netflix-HDR10-002-2020-05-29-22-27-14-0005.jpg
data/TVData/2071/picture/100-199/Cast-Netflix-SDR-002-2020-05-29-22-27-14-0013.jpg
data/TVData/2071/picture/100-199/Cast-Netflix-SDR-002-2020-05-29-22-27-14-0033.jpg
data/TVData/2071/picture/100-199/Cast-Netflix-SDR-002-2020-05-29-22-27-14-0034.jpg
data/TVData/2071/picture/100-199/Cast-Netflix-SDR-002-2020-05-29-22-27-14-0023.jpg
data/TVData/2071/picture/100-199/Cast-Netflix-HDR10-002-2020-05-29-22-27-14-0038.jpg
data/TVData/2071/picture/100-199/Cast-Netflix-SDR-002-2020-05-29-22-27-14-0011.jpg
data/TVData/2071/picture/100-199/Cast-Netflix-SDR-002-2020-05-29-22-27-14-0024.jpg
data/TVData/2071/picture/100-199/Cast-Netflix-SDR-002-2020-05-29-22-27-14-0014.jpg
data/TVData/2071/picture/100-199/Cast-Netflix-SDR-002-2020-05-29-22-27-14-0028.jpg
data/TVData/2071/picture/100-199/Cast-Youtube-HDR10-2020-05-29-22-27-14-0006.jpg
data/TVData/2071/picture/100-199/Cast-Netflix-SDR-002-2020-05-29-22-27-14-0022.jpg
data/TVData/2071/picture/100-199/Cast-Netflix-SDR-002-2020-05-29-22-27-14-0012.jpg
data/TVData/2071/picture/100-199/Cast-Netflix-SDR-002-2020-05-29-22-27-14-0017.jpg
data/TVData/2071/picture/100-199/Cast-Youtube-HDR10-2020-05-29-22-27-14-0010.jpg
data/TVData/2071/picture/100-199/Cast-Netflix-SDR-002-2020-05-29-22-27-14-0001.jpg
data/TVData/2071/picture/100-199/Cast-Netflix-SDR-002-2020-05-29-22-27-14-0005.jpg
data/TVData/2071/picture/100-199/Cast-Netflix-HDR10-002-2020-05-29-22-27-14-0004.jpg
data/TVData/2071/picture/100-199/Cast-Netflix-SDR-002-2020-05-29-22-27-14-0029.jpg
data/TVData/2071/picture/100-199/Cast-Netflix-SDR-002-2020-05-29-22-27-14-0003.jpg
data/TVData/2071/picture/100-199/Cast-Netflix-HDR10-002-2020-05-29-22-27-14-0024.jpg
data/TVData/2071/picture/100-199/Cast-Netflix-HDR10-002-2020-05-29-22-27-14-0010.jpg
data/TVData/2071/picture/100-199/Cast-Netflix-SDR-002-2020-05-29-22-27-14-0030.jpg
data/TVData/2071/picture/100-199/Cast-Youtube-HDR10-2020-05-29-22-27-14-0008.jpg
data/TVData/2071/picture/100-199/Cast-Netflix-SDR-002-2020-05-29-22-27-14-0026.jpg
data/TVData/2071/picture/100-199/Cast-Youtube-HDR10-2020-05-29-22-27-14-0001.jpg
data/TVData/2071/picture/100-199/Cast-Netflix-HDR10-002-2020-05-29-22-27-14-0034.jpg
data/TVData/2071/picture/100-199/Cast-Netflix-SDR-002-2020-05-29-22-27-14-0035.jpg
data/TVData/2071/picture/100-199/Cast-Netflix-SDR-002-2020-05-29-22-27-14-0025.jpg
data/TVData/2071/picture/100-199/Cast-Netflix-SDR-002-2020-05-29-22-27-14-0037.jpg
data/TVData/2071/picture/100-199/Cast-Netflix-HDR10-002-2020-05-29-22-27-14-0031.jpg
data/TVData/2071/picture/001-099/Cast-Netflix-DolbyVision-002-2020-05-29-22-27-14-0032.jpg
data/TVData/2071/picture/001-099/Activity Data Terms-001-2020-05-29-22-27-14-0004.jpg
data/TVData/2071/picture/001-099/Cast-Netflix-DolbyVision-002-2020-05-29-22-27-14-0009.jpg
data/TVData/2071/picture/001-099/Cast-Disney+-2020-05-29-22-27-14-0011.jpg
data/TVData/2071/picture/001-099/Cast-Disney+-2020-05-29-22-27-14-0038.jpg
data/TVData/2071/picture/001-099/Cast-Netflix-DolbyVision-002-2020-05-29-22-27-14-0018.jpg
data/TVData/2071/picture/001-099/CastDCPIC-001-2020-05-29-22-27-14-1.jpg
data/TVData/2071/picture/001-099/AnalogTV-VIDEO-2020-05-29-22-27-14-0002.jpg
data/TVData/2071/picture/001-099/Cast-Netflix-DolbyVision-002-2020-05-29-22-27-14-0013.jpg
data/TVData/2071/picture/001-099/Cast-Netflix-DolbyVision-002-2020-05-29-22-27-14-0005.jpg
data/TVData/2071/picture/001-099/Cast-Disney+-2020-05-29-22-27-14-0032.jpg
data/TVData/2071/picture/001-099/Cast-Netflix-DolbyVision-002-2020-05-29-22-27-14-0041.jpg
data/TVData/2071/picture/001-099/Cast-Disney+-2020-05-29-22-27-14-0004.jpg
data/TVData/2071/picture/001-099/Activity Data Terms-001-2020-05-29-22-27-14-0003.jpg
data/TVData/2071/picture/001-099/Cast-Disney+-2020-05-29-22-27-14-0008.jpg
data/TVData/2071/picture/001-099/Cast-Disney+-2020-05-29-22-27-14-0002.jpg
data/TVData/2071/picture/001-099/Cast-Disney+-2020-05-29-22-27-14-0006.jpg
data/TVData/2071/picture/001-099/Cast-Disney+-2020-05-29-22-27-14-0028.jpg
data/TVData/2071/picture/001-099/Cast-Netflix-DolbyVision-002-2020-05-29-22-27-14-0023.jpg
data/TVData/2071/picture/001-099/Cast-Netflix-HDR10-002-2020-05-29-22-27-14-0001.jpg
data/TVData/2071/picture/001-099/Cast-Netflix-DolbyVision-002-2020-05-29-22-27-14-0035.jpg
data/TVData/2071/picture/001-099/Cast-Disney+-2020-05-29-22-27-14-0018.jpg
data/TVData/2071/picture/001-099/Cast-Disney+-2020-05-29-22-27-14-0045.jpg
data/TVData/2071/picture/001-099/Cast-Disney+-2020-05-29-22-27-14-0015.jpg
data/TVData/2071/picture/001-099/Cast-Netflix-DolbyVision-002-2020-05-29-22-27-14-0001.jpg
data/TVData/2071/picture/001-099/AnalogTV-VIDEO-2020-05-29-22-27-14-0004.jpg
data/TVData/2071/picture/001-099/Cast-Disney+-2020-05-29-22-27-14-0037.jpg
data/TVData/2071/picture/001-099/Cast-Netflix-DolbyVision-002-2020-05-29-22-27-14-0016.jpg
data/TVData/2071/picture/001-099/Activity Data Terms-001-2020-05-29-22-27-14-0001.jpg
data/TVData/2071/picture/001-099/Cast-Netflix-DolbyVision-002-2020-05-29-22-27-14-0025.jpg
data/TVData/2071/picture/001-099/Cast-Disney+-2020-05-29-22-27-14-0046.jpg
data/TVData/2071/picture/001-099/Cast-Netflix-DolbyVision-002-2020-05-29-22-27-14-0037.jpg
data/TVData/2071/picture/001-099/Amazon-wake-001-2020-05-29-22-27-14-1.jpg
data/TVData/2071/picture/001-099/Cast-Disney+-2020-05-29-22-27-14-0041.jpg
data/TVData/2071/picture/001-099/AnalogTV-VIDEO-2020-05-29-22-27-14-0003.jpg
data/TVData/2071/picture/001-099/Cast-Netflix-DolbyVision-002-2020-05-29-22-27-14-0027.jpg
data/TVData/2071/picture/001-099/Cast-Netflix-DolbyVision-002-2020-05-29-22-27-14-0026.jpg
data/TVData/2071/picture/001-099/Cast-Netflix-DolbyVision-002-2020-05-29-22-27-14-0033.jpg
data/TVData/2071/picture/001-099/Cast-Disney+-2020-05-29-22-27-14-0027.jpg
data/TVData/2071/picture/001-099/Cast-Disney+-2020-05-29-22-27-14-0003.jpg
data/TVData/2071/picture/001-099/Activity Data Terms-001-2020-05-29-22-27-14-0002.jpg
data/TVData/2071/picture/001-099/Cast-Disney+-2020-05-29-22-27-14-0031.jpg
data/TVData/2071/picture/001-099/Cast-Disney+-2020-05-29-22-27-14-0035.jpg
data/TVData/2071/picture/001-099/Cast-Netflix-DolbyVision-002-2020-05-29-22-27-14-0010.jpg
data/TVData/2071/picture/001-099/Cast-Netflix-DolbyVision-002-2020-05-29-22-27-14-0034.jpg
data/TVData/2071/picture/001-099/Cast-Netflix-DolbyVision-002-2020-05-29-22-27-14-0017.jpg
data/TVData/2071/picture/001-099/Cast-Disney+-2020-05-29-22-27-14-0036.jpg
data/TVData/2071/picture/001-099/Cast-Netflix-DolbyVision-002-2020-05-29-22-27-14-0020.jpg
data/TVData/2071/picture/001-099/Cast-Disney+-2020-05-29-22-27-14-0022.jpg
data/TVData/2071/picture/001-099/Cast-Netflix-DolbyVision-002-2020-05-29-22-27-14-0015.jpg
data/TVData/2071/picture/001-099/Cast-Disney+-2020-05-29-22-27-14-0039.jpg
data/TVData/2071/picture/001-099/Cast-Netflix-DolbyVision-002-2020-05-29-22-27-14-0036.jpg
data/TVData/2071/picture/001-099/Cast-Disney+-2020-05-29-22-27-14-0001.jpg
data/TVData/2071/picture/001-099/Cast-Disney+-2020-05-29-22-27-14-0009.jpg
data/TVData/2071/picture/001-099/Cast-Netflix-DolbyVision-002-2020-05-29-22-27-14-0006.jpg
data/TVData/2071/picture/001-099/Cast-Netflix-DolbyVision-002-2020-05-29-22-27-14-0022.jpg
data/TVData/2071/picture/001-099/Cast-Disney+-2020-05-29-22-27-14-0043.jpg
data/TVData/2071/picture/001-099/Cast-Disney+-2020-05-29-22-27-14-0042.jpg
data/TVData/2071/picture/001-099/Cast-Disney+-2020-05-29-22-27-14-0014.jpg
data/TVData/2071/picture/001-099/Cast-Disney+-2020-05-29-22-27-14-0034.jpg
data/TVData/2071/picture/001-099/Cast-Netflix-DolbyVision-002-2020-05-29-22-27-14-0024.jpg
data/TVData/2071/picture/001-099/Cast-Disney+-2020-05-29-22-27-14-0021.jpg
data/TVData/2071/picture/001-099/Cast-Disney+-2020-05-29-22-27-14-0044.jpg
data/TVData/2071/picture/001-099/Cast-Netflix-DolbyVision-002-2020-05-29-22-27-14-0019.jpg
data/TVData/2071/picture/001-099/Cast-Netflix-DolbyVision-002-2020-05-29-22-27-14-0039.jpg
data/TVData/2071/picture/001-099/Cast-Netflix-DolbyVision-002-2020-05-29-22-27-14-0029.jpg
data/TVData/2071/picture/001-099/Cast-Netflix-DolbyVision-002-2020-05-29-22-27-14-0028.jpg
data/TVData/2071/picture/001-099/Cast-Netflix-DolbyVision-002-2020-05-29-22-27-14-0003.jpg
data/TVData/2071/picture/001-099/Cast-Disney+-2020-05-29-22-27-14-0017.jpg
data/TVData/2071/picture/001-099/Cast-Disney+-2020-05-29-22-27-14-0023.jpg
data/TVData/2071/picture/001-099/Cast-Netflix-DolbyVision-002-2020-05-29-22-27-14-0007.jpg
data/TVData/2071/picture/001-099/Cast-Disney+-2020-05-29-22-27-14-0005.jpg
data/TVData/2071/picture/001-099/Cast-Netflix-DolbyVision-002-2020-05-29-22-27-14-0038.jpg
data/TVData/2071/picture/001-099/Cast-Disney+-2020-05-29-22-27-14-0047.jpg
data/TVData/2071/picture/001-099/Cast-Netflix-DolbyVision-002-2020-05-29-22-27-14-0014.jpg
data/TVData/2071/picture/001-099/Cast-Disney+-2020-05-29-22-27-14-0040.jpg
data/TVData/2071/picture/001-099/Cast-Netflix-DolbyVision-002-2020-05-29-22-27-14-0008.jpg
data/TVData/2071/picture/001-099/Cast-Disney+-2020-05-29-22-27-14-0012.jpg
data/TVData/2071/picture/300-399/MP3-Playback-2020-05-29-22-27-14-0003.jpg
data/TVData/2071/picture/300-399/Colbat-Youtube-Playback-2020-05-29-22-27-14-0023.jpg
data/TVData/2071/picture/300-399/MP4-Playback-2020-05-29-22-27-14-0027.jpg
data/TVData/2071/picture/300-399/HDMI1-001-2020-05-29-22-27-14-0004.jpg
data/TVData/2071/picture/300-399/HDMI1-001-2020-05-29-22-27-14-0003.jpg
data/TVData/2071/picture/300-399/Colbat-Youtube-Playback-2020-05-29-22-27-14-0025.jpg
data/TVData/2071/picture/300-399/MP4-Playback-2020-05-29-22-27-14-0002.jpg
data/TVData/2071/picture/300-399/Netflix-EDR-001-2020-05-29-22-27-14-0011.jpg
data/TVData/2071/picture/300-399/HDMI1DCPIC-001-2020-05-29-22-27-14-1.jpg
data/TVData/2071/picture/300-399/Netflix-EDR-001-2020-05-29-22-27-14-0014.jpg
data/TVData/2071/picture/300-399/HDMI4-001-2020-05-29-22-27-14-0003.jpg
data/TVData/2071/picture/300-399/MP4-Playback-2020-05-29-22-27-14-0001.jpg
data/TVData/2071/picture/300-399/Full UHD-Color-On-001-2020-05-29-22-27-14-1.jpg
data/TVData/2071/picture/300-399/Netflix-EDR-001-2020-05-29-22-27-14-0008.jpg
data/TVData/2071/picture/300-399/COMPPIC-001-2020-05-29-22-27-14-0003.jpg
data/TVData/2071/picture/300-399/HDMI1-001-2020-05-29-22-27-14-0005.jpg
data/TVData/2071/picture/300-399/HDMI2DCPIC-001-2020-05-29-22-27-14-1.jpg
data/TVData/2071/picture/300-399/MP4-Playback-2020-05-29-22-27-14-0009.jpg
data/TVData/2071/picture/300-399/Colbat-Youtube-Playback-2020-05-29-22-27-14-0029.jpg
data/TVData/2071/picture/300-399/HDMI3-001-2020-05-29-22-27-14-0003.jpg
data/TVData/2071/picture/300-399/MP4-Playback-2020-05-29-22-27-14-0016.jpg
data/TVData/2071/picture/300-399/MP4-Playback-2020-05-29-22-27-14-0008.jpg
data/TVData/2071/picture/300-399/Netflix-EDR-001-2020-05-29-22-27-14-0001.jpg
data/TVData/2071/picture/300-399/MP4-Playback-2020-05-29-22-27-14-0023.jpg
data/TVData/2071/picture/300-399/MP3-Playback-2020-05-29-22-27-14-0004.jpg
data/TVData/2071/picture/300-399/MP4-Playback-2020-05-29-22-27-14-0032.jpg
data/TVData/2071/picture/300-399/Netflix-EDR-001-2020-05-29-22-27-14-0005.jpg
data/TVData/2071/picture/300-399/MP4-Playback-2020-05-29-22-27-14-0022.jpg
data/TVData/2071/picture/300-399/Colbat-Youtube-Playback-2020-05-29-22-27-14-0030.jpg
data/TVData/2071/picture/300-399/Colbat-Youtube-Playback-2020-05-29-22-27-14-0018.jpg
data/TVData/2071/picture/300-399/Netflix-EDR-001-2020-05-29-22-27-14-0013.jpg
data/TVData/2071/picture/300-399/Colbat-Youtube-Playback-2020-05-29-22-27-14-0019.jpg
data/TVData/2071/picture/300-399/Colbat-Youtube-Playback-2020-05-29-22-27-14-0014.jpg
data/TVData/2071/picture/300-399/COMPPIC-001-2020-05-29-22-27-14-0001.jpg
data/TVData/2071/picture/300-399/Netflix-EDR-001-2020-05-29-22-27-14-0004.jpg
data/TVData/2071/picture/300-399/MP4-Playback-2020-05-29-22-27-14-0029.jpg
data/TVData/2071/picture/300-399/HDMI2-001-2020-05-29-22-27-14-0003.jpg
data/TVData/2071/picture/300-399/HDMI4-001-2020-05-29-22-27-14-0002.jpg
data/TVData/2071/picture/300-399/Colbat-Youtube-Playback-2020-05-29-22-27-14-0021.jpg
data/TVData/2071/picture/300-399/Colbat-Youtube-Playback-2020-05-29-22-27-14-0017.jpg
data/TVData/2071/picture/300-399/HDMI4-001-2020-05-29-22-27-14-0005.jpg
data/TVData/2071/picture/300-399/Netflix-EDR-001-2020-05-29-22-27-14-0003.jpg
data/TVData/2071/picture/300-399/HDMI2-001-2020-05-29-22-27-14-0001.jpg
data/TVData/2071/picture/300-399/Colbat-Youtube-Playback-2020-05-29-22-27-14-0016.jpg
data/TVData/2071/picture/300-399/MP4-Playback-2020-05-29-22-27-14-0011.jpg
data/TVData/2071/picture/300-399/HDMI3-001-2020-05-29-22-27-14-0004.jpg
data/TVData/2071/picture/300-399/Netflix-EDR-001-2020-05-29-22-27-14-0007.jpg
data/TVData/2071/picture/300-399/MP3-Playback-2020-05-29-22-27-14-0002.jpg
data/TVData/2071/picture/300-399/HDMI3-001-2020-05-29-22-27-14-0002.jpg
data/TVData/2071/picture/300-399/MP4-Playback-2020-05-29-22-27-14-0024.jpg
data/TVData/2071/picture/300-399/Netflix-EDR-001-2020-05-29-22-27-14-0010.jpg
data/TVData/2071/picture/300-399/MP4-Playback-2020-05-29-22-27-14-0015.jpg
data/TVData/2071/picture/300-399/MP4-Playback-2020-05-29-22-27-14-0014.jpg
data/TVData/2071/picture/300-399/MP4-Playback-2020-05-29-22-27-14-0031.jpg
data/TVData/2071/picture/300-399/HDMI1-001-2020-05-29-22-27-14-0002.jpg
data/TVData/2071/picture/300-399/HDMI4-001-2020-05-29-22-27-14-0004.jpg
data/TVData/2071/picture/300-399/HDMI2-001-2020-05-29-22-27-14-0002.jpg
data/TVData/2071/picture/300-399/MP4-Playback-2020-05-29-22-27-14-0007.jpg
data/TVData/2071/picture/300-399/MP4-Playback-2020-05-29-22-27-14-0004.jpg
data/TVData/2071/picture/300-399/MP4-Playback-2020-05-29-22-27-14-0013.jpg
data/TVData/2071/picture/300-399/MP4-Playback-2020-05-29-22-27-14-0017.jpg
data/TVData/2071/picture/300-399/HDMI2-001-2020-05-29-22-27-14-0004.jpg
data/TVData/2071/picture/300-399/MP4-Playback-2020-05-29-22-27-14-0010.jpg
data/TVData/2071/picture/300-399/Netflix-EDR-001-2020-05-29-22-27-14-0009.jpg
data/TVData/2071/picture/300-399/MP4-Playback-2020-05-29-22-27-14-0019.jpg
data/TVData/2071/picture/300-399/MP4-Playback-2020-05-29-22-27-14-0006.jpg
data/TVData/2071/picture/300-399/MP4-Playback-2020-05-29-22-27-14-0018.jpg
data/TVData/2071/picture/300-399/COMPPIC-001-2020-05-29-22-27-14-0004.jpg
data/TVData/2071/picture/300-399/COMPPIC-001-2020-05-29-22-27-14-0002.jpg
data/TVData/2071/picture/300-399/HDMI3-001-2020-05-29-22-27-14-0005.jpg
data/TVData/2071/picture/300-399/HDMI3-001-2020-05-29-22-27-14-0001.jpg
data/TVData/2071/picture/300-399/MP4-Playback-2020-05-29-22-27-14-0021.jpg
data/TVData/2071/picture/300-399/Colbat-Youtube-Playback-2020-05-29-22-27-14-0032.jpg
data/TVData/2071/picture/300-399/MP4-Playback-2020-05-29-22-27-14-0030.jpg
data/TVData/2071/picture/300-399/Colbat-Youtube-Playback-2020-05-29-22-27-14-0027.jpg
data/TVData/2071/picture/300-399/Colbat-Youtube-Playback-2020-05-29-22-27-14-0031.jpg
data/TVData/2071/picture/201-299/Colbat-Youtube-Playback-2020-05-29-22-27-14-0003.jpg
data/TVData/2071/picture/201-299/Cast-Youtube-VP9-2020-05-29-22-27-14-0009.jpg
data/TVData/2071/picture/201-299/Cast-Youtube-HDR10-2020-05-29-22-27-14-0012.jpg
data/TVData/2071/picture/201-299/Colbat-Youtube-Playback-2020-05-29-22-27-14-0001.jpg
data/TVData/2071/picture/201-299/Cast-Youtube-HDR10-2020-05-29-22-27-14-0040.jpg
data/TVData/2071/picture/201-299/Colbat-Youtube-Playback-2020-05-29-22-27-14-0006.jpg
data/TVData/2071/picture/201-299/Cast-Youtube-HDR10-2020-05-29-22-27-14-0044.jpg
data/TVData/2071/picture/201-299/Colbat-Youtube-Playback-2020-05-29-22-27-14-0011.jpg
data/TVData/2071/picture/201-299/Cast-Youtube-HDR10-2020-05-29-22-27-14-0024.jpg
data/TVData/2071/picture/201-299/Cast-Youtube-HDR10-2020-05-29-22-27-14-0037.jpg
data/TVData/2071/picture/201-299/Cast-Youtube-VP9-2020-05-29-22-27-14-0042.jpg
data/TVData/2071/picture/201-299/Cast-Youtube-HDR10-2020-05-29-22-27-14-0043.jpg
data/TVData/2071/picture/201-299/Cast-Youtube-VP9-2020-05-29-22-27-14-0025.jpg
data/TVData/2071/picture/201-299/Cast-Youtube-HDR10-2020-05-29-22-27-14-0041.jpg
data/TVData/2071/picture/201-299/Cast-Youtube-HDR10-2020-05-29-22-27-14-0028.jpg
data/TVData/2071/picture/201-299/Cast-Youtube-VP9-2020-05-29-22-27-14-0031.jpg
data/TVData/2071/picture/201-299/Cast-Youtube-VP9-2020-05-29-22-27-14-0047.jpg
data/TVData/2071/picture/201-299/Cast-Youtube-VP9-2020-05-29-22-27-14-0033.jpg
data/TVData/2071/picture/201-299/Cast-Youtube-VP9-2020-05-29-22-27-14-0044.jpg
data/TVData/2071/picture/201-299/Cast-Youtube-HDR10-2020-05-29-22-27-14-0022.jpg
data/TVData/2071/picture/201-299/Cast-Youtube-HDR10-2020-05-29-22-27-14-0026.jpg
data/TVData/2071/picture/201-299/Cast-Youtube-VP9-2020-05-29-22-27-14-0028.jpg
data/TVData/2071/picture/201-299/Cast-Youtube-HDR10-2020-05-29-22-27-14-0013.jpg
data/TVData/2071/picture/201-299/Cast-Youtube-HDR10-2020-05-29-22-27-14-0035.jpg
data/TVData/2071/picture/201-299/Colbat-Youtube-Playback-2020-05-29-22-27-14-0013.jpg
data/TVData/2071/picture/201-299/Cast-Youtube-VP9-2020-05-29-22-27-14-0013.jpg
data/TVData/2071/picture/201-299/Cast-Youtube-VP9-2020-05-29-22-27-14-0026.jpg
data/TVData/2071/picture/201-299/Cast-Youtube-VP9-2020-05-29-22-27-14-0022.jpg
data/TVData/2071/picture/201-299/Cast-Youtube-HDR10-2020-05-29-22-27-14-0020.jpg
data/TVData/2071/picture/201-299/Cast-Youtube-HDR10-2020-05-29-22-27-14-0014.jpg
data/TVData/2071/picture/201-299/Cast-Youtube-VP9-2020-05-29-22-27-14-0006.jpg
data/TVData/2071/picture/201-299/CC-ON-VIDEO-2020-05-29-22-27-14-0002.jpg
data/TVData/2071/picture/201-299/Cast-Youtube-HDR10-2020-05-29-22-27-14-0032.jpg
data/TVData/2071/picture/201-299/Cast-Youtube-VP9-2020-05-29-22-27-14-0040.jpg
data/TVData/2071/picture/201-299/Cast-Youtube-VP9-2020-05-29-22-27-14-0039.jpg
data/TVData/2071/picture/201-299/Cast-Youtube-VP9-2020-05-29-22-27-14-0032.jpg
data/TVData/2071/picture/201-299/Colbat-Youtube-Playback-2020-05-29-22-27-14-0010.jpg
data/TVData/2071/picture/201-299/Cast-Youtube-HDR10-2020-05-29-22-27-14-0019.jpg
data/TVData/2071/picture/201-299/Cast-Youtube-VP9-2020-05-29-22-27-14-0046.jpg
data/TVData/2071/picture/201-299/Cast-Youtube-HDR10-2020-05-29-22-27-14-0038.jpg
data/TVData/2071/picture/201-299/Cast-Youtube-VP9-2020-05-29-22-27-14-0012.jpg
data/TVData/2071/picture/201-299/Cast-Youtube-HDR10-2020-05-29-22-27-14-0042.jpg
data/TVData/2071/picture/201-299/Cast-Youtube-VP9-2020-05-29-22-27-14-0034.jpg
data/TVData/2071/picture/201-299/CC-ON-VIDEO-2020-05-29-22-27-14-0004.jpg
data/TVData/2071/picture/201-299/Cast-Youtube-VP9-2020-05-29-22-27-14-0024.jpg
data/TVData/2071/picture/201-299/Cast-Youtube-VP9-2020-05-29-22-27-14-0011.jpg
data/TVData/2071/picture/201-299/Cast-Youtube-VP9-2020-05-29-22-27-14-0018.jpg
data/TVData/2071/picture/201-299/Cast-Youtube-HDR10-2020-05-29-22-27-14-0030.jpg
data/TVData/2071/picture/201-299/Cast-Youtube-VP9-2020-05-29-22-27-14-0002.jpg
data/TVData/2071/picture/201-299/Cast-Youtube-HDR10-2020-05-29-22-27-14-0021.jpg
data/TVData/2071/picture/201-299/Cast-Youtube-VP9-2020-05-29-22-27-14-0023.jpg
data/TVData/2071/picture/201-299/Cast-Youtube-VP9-2020-05-29-22-27-14-0019.jpg
data/TVData/2071/picture/201-299/Cast-Youtube-VP9-2020-05-29-22-27-14-0020.jpg
data/TVData/2071/picture/201-299/Cast-Youtube-VP9-2020-05-29-22-27-14-0015.jpg
data/TVData/2071/picture/201-299/CC-ON-VIDEO-2020-05-29-22-27-14-0001.jpg
data/TVData/2071/picture/201-299/Colbat-Youtube-Playback-2020-05-29-22-27-14-0012.jpg
data/TVData/2071/picture/201-299/Cast-Youtube-VP9-2020-05-29-22-27-14-0014.jpg
data/TVData/2071/picture/201-299/Cast-Youtube-VP9-2020-05-29-22-27-14-0008.jpg
data/TVData/2071/picture/201-299/Cast-Youtube-VP9-2020-05-29-22-27-14-0005.jpg
data/TVData/2071/picture/201-299/Cast-Youtube-HDR10-2020-05-29-22-27-14-0033.jpg
data/TVData/2071/picture/201-299/Cast-Youtube-HDR10-2020-05-29-22-27-14-0023.jpg
data/TVData/2071/picture/201-299/Colbat-Youtube-Playback-2020-05-29-22-27-14-0005.jpg
data/TVData/2071/picture/201-299/Cast-Youtube-HDR10-2020-05-29-22-27-14-0015.jpg
data/TVData/2071/picture/201-299/Cast-Youtube-HDR10-2020-05-29-22-27-14-0047.jpg
data/TVData/2071/picture/201-299/Cast-Youtube-HDR10-2020-05-29-22-27-14-0027.jpg
data/TVData/2071/picture/201-299/Cast-Youtube-VP9-2020-05-29-22-27-14-0017.jpg
data/TVData/2071/picture/201-299/Cast-Youtube-VP9-2020-05-29-22-27-14-0003.jpg
data/TVData/2071/picture/201-299/Cast-Youtube-HDR10-2020-05-29-22-27-14-0034.jpg
data/TVData/2071/picture/201-299/Cast-Youtube-HDR10-2020-05-29-22-27-14-0025.jpg
data/TVData/2071/picture/201-299/Cast-Youtube-HDR10-2020-05-29-22-27-14-0036.jpg
data/TVData/2071/picture/201-299/Cast-Youtube-VP9-2020-05-29-22-27-14-0043.jpg
data/TVData/2071/picture/201-299/Colbat-Youtube-Playback-2020-05-29-22-27-14-0002.jpg
data/TVData/2071/picture/201-299/Cast-Youtube-VP9-2020-05-29-22-27-14-0007.jpg
data/TVData/2071/picture/201-299/Cast-Youtube-VP9-2020-05-29-22-27-14-0010.jpg
data/TVData/2071/picture/201-299/Cast-Youtube-VP9-2020-05-29-22-27-14-0037.jpg
data/TVData/2071/picture/201-299/Cast-Youtube-HDR10-2020-05-29-22-27-14-0029.jpg
data/TVData/2071/picture/201-299/Cast-Youtube-HDR10-2020-05-29-22-27-14-0031.jpg
data/TVData/2071/picture/201-299/Cast-Youtube-HDR10-2020-05-29-22-27-14-0045.jpg
data/TVData/2071/picture/201-299/Cast-Youtube-VP9-2020-05-29-22-27-14-0036.jpg
data/TVData/2071/picture/201-299/Cast-Youtube-VP9-2020-05-29-22-27-14-0045.jpg
data/TVData/2071/picture/201-299/Cast-Youtube-HDR10-2020-05-29-22-27-14-0017.jpg
data/TVData/2071/picture/201-299/Cast-Youtube-HDR10-2020-05-29-22-27-14-0046.jpg
data/TVData/2071/picture/201-299/Cast-Youtube-VP9-2020-05-29-22-27-14-0030.jpg
data/TVData/2071/picture/201-299/Cast-Youtube-HDR10-2020-05-29-22-27-14-0016.jpg
data/TVData/2071/picture/201-299/Cast-Youtube-VP9-2020-05-29-22-27-14-0021.jpg
data/TVData/2071/picture/201-299/Colbat-Youtube-Playback-2020-05-29-22-27-14-0004.jpg
data/TVData/2071/picture/201-299/Cast-Youtube-VP9-2020-05-29-22-27-14-0038.jpg
data/TVData/2071/picture/400-499/Store-Demo-001-2020-05-29-22-27-14-0005.jpg
data/TVData/2071/picture/400-499/Netflix-Wake-001-2020-05-29-22-27-14-0006.jpg
data/TVData/2071/picture/400-499/Store-Demo-001-2020-05-29-22-27-14-0009.jpg
data/TVData/2071/picture/400-499/Netflix-SDR-001-2020-05-29-22-27-14-0002.jpg
data/TVData/2071/picture/400-499/Store-Demo-001-2020-05-29-22-27-14-0011.jpg
data/TVData/2071/picture/400-499/Netflix-SDR-001-2020-05-29-22-27-14-0003.jpg
data/TVData/2071/picture/400-499/Photo-Playback-2020-05-29-22-27-14-0004.jpg
data/TVData/2071/picture/400-499/Netflix-HDR10-001-2020-05-29-22-27-14-0007.jpg
data/TVData/2071/picture/400-499/ZOOM-ON-VIDEO-2020-05-29-22-27-14-0003.jpg
data/TVData/2071/picture/400-499/Netflix-Wake-001-2020-05-29-22-27-14-0001.jpg
data/TVData/2071/picture/400-499/SWU-001-2020-05-29-22-27-14-0004.jpg
data/TVData/2071/picture/400-499/Store-Demo-Disable-001-2020-05-29-22-27-14-0002.jpg
data/TVData/2071/picture/400-499/Store-Demo-001-2020-05-29-22-27-14-0003.jpg
data/TVData/2071/picture/400-499/Netflix-HDR10-001-2020-05-29-22-27-14-0012.jpg
data/TVData/2071/picture/400-499/Netflix-HDR10-001-2020-05-29-22-27-14-0013.jpg
data/TVData/2071/picture/400-499/Netflix-Wake-001-2020-05-29-22-27-14-0003.jpg
data/TVData/2071/picture/400-499/Netflix-HDR10-001-2020-05-29-22-27-14-0008.jpg
data/TVData/2071/picture/400-499/Netflix-HDR10-001-2020-05-29-22-27-14-0010.jpg
data/TVData/2071/picture/400-499/Netflix-HDR10-001-2020-05-29-22-27-14-0005.jpg
data/TVData/2071/picture/400-499/Netflix-SDR-001-2020-05-29-22-27-14-0005.jpg
data/TVData/2071/picture/400-499/Netflix-SDR-001-2020-05-29-22-27-14-0008.jpg
data/TVData/2071/picture/400-499/Netflix-HDR10-001-2020-05-29-22-27-14-0006.jpg
data/TVData/2071/picture/400-499/VUDU-launch-001-2020-05-29-22-27-14-0004.jpg
data/TVData/2071/picture/400-499/Netflix-Wake-001-2020-05-29-22-27-14-0005.jpg
data/TVData/2071/picture/400-499/Store-Demo-001-2020-05-29-22-27-14-0007.jpg
data/TVData/2071/picture/400-499/Netflix-HDR10-001-2020-05-29-22-27-14-0017.jpg
data/TVData/2071/picture/400-499/Store-Demo-001-2020-05-29-22-27-14-0006.jpg
data/TVData/2071/picture/400-499/SWU-001-2020-05-29-22-27-14-0001.jpg
data/TVData/2071/picture/400-499/ZOOM-ON-VIDEO-2020-05-29-22-27-14-0004.jpg
data/TVData/2071/picture/400-499/Photo-Playback-2020-05-29-22-27-14-0001.jpg
data/TVData/2071/picture/400-499/Store-Demo-001-2020-05-29-22-27-14-0012.jpg
data/TVData/2071/picture/400-499/Photo-Playback-2020-05-29-22-27-14-0003.jpg
data/TVData/2071/picture/400-499/Photo-Playback-2020-05-29-22-27-14-0002.jpg
data/TVData/2071/picture/400-499/ZOOM-ON-VIDEO-2020-05-29-22-27-14-0001.jpg
data/TVData/2071/picture/400-499/Netflix-SDR-001-2020-05-29-22-27-14-0014.jpg
data/TVData/2071/picture/400-499/Netflix-SDR-001-2020-05-29-22-27-14-0016.jpg
data/TVData/2071/picture/400-499/TTS-ON-VIDEO-2020-05-29-22-27-14-0001.jpg
data/TVData/2071/picture/400-499/Store-Demo-001-2020-05-29-22-27-14-0010.jpg
data/TVData/2071/picture/400-499/Netflix-HDR10-001-2020-05-29-22-27-14-0002.jpg
data/TVData/2071/picture/400-499/Netflix-SDR-001-2020-05-29-22-27-14-0007.jpg
data/TVData/2071/picture/400-499/ZOOM-OFF-VIDEO-2020-05-29-22-27-14-0001.jpg
data/TVData/2071/picture/400-499/Store-Demo-001-2020-05-29-22-27-14-0008.jpg
data/TVData/2071/picture/400-499/ZOOM-OFF-VIDEO-2020-05-29-22-27-14-0003.jpg
data/TVData/2071/picture/400-499/Netflix-SDR-001-2020-05-29-22-27-14-0017.jpg
data/TVData/2071/picture/400-499/ZOOM-ON-VIDEO-2020-05-29-22-27-14-0002.jpg
data/TVData/2071/picture/400-499/Store-Demo-Disable-001-2020-05-29-22-27-14-0006.jpg
data/TVData/2071/picture/400-499/Store-Demo-001-2020-05-29-22-27-14-0001.jpg
data/TVData/2071/picture/400-499/Netflix-SDR-001-2020-05-29-22-27-14-0001.jpg
data/TVData/2071/picture/400-499/TVDCPIC-001-2020-05-29-22-27-14-1.jpg
data/TVData/2071/picture/400-499/Netflix-Wake-001-2020-05-29-22-27-14-0007.jpg
data/TVData/2071/picture/400-499/VUDU-launch-001-2020-05-29-22-27-14-0002.jpg
data/TVData/2071/picture/400-499/Netflix-HDR10-001-2020-05-29-22-27-14-0011.jpg
data/TVData/2071/picture/400-499/Netflix-HDR10-001-2020-05-29-22-27-14-0014.jpg
data/TVData/2071/picture/400-499/Netflix-SDR-001-2020-05-29-22-27-14-0015.jpg
data/TVData/2071/picture/400-499/Store-Demo-Disable-001-2020-05-29-22-27-14-0005.jpg
data/TVData/2071/picture/400-499/Netflix-SDR-001-2020-05-29-22-27-14-0011.jpg
data/TVData/2071/picture/400-499/Store-Demo-001-2020-05-29-22-27-14-0004.jpg
data/TVData/2071/picture/400-499/Netflix-SDR-001-2020-05-29-22-27-14-0010.jpg
data/TVData/2071/picture/400-499/Netflix-Wake-001-2020-05-29-22-27-14-0004.jpg
data/TVData/2071/picture/400-499/ZOOM-OFF-VIDEO-2020-05-29-22-27-14-0004.jpg
data/TVData/2071/picture/400-499/Netflix-HDR10-001-2020-05-29-22-27-14-0016.jpg
data/TVData/2071/picture/400-499/SWU-001-2020-05-29-22-27-14-0003.jpg
data/TVData/2071/picture/400-499/SWU-001-2020-05-29-22-27-14-0002.jpg
data/TVData/2071/picture/400-499/TTS-ON-VIDEO-2020-05-29-22-27-14-0004.jpg
data/TVData/2071/picture/400-499/Netflix-SDR-001-2020-05-29-22-27-14-0006.jpg
data/TVData/2071/picture/400-499/Store-Demo-001-2020-05-29-22-27-14-0002.jpg
data/TVData/2071/picture/400-499/Store-Demo-Disable-001-2020-05-29-22-27-14-0007.jpg
data/TVData/2071/picture/400-499/VUDU-launch-001-2020-05-29-22-27-14-0003.jpg
data/TVData/2071/picture/400-499/Netflix-HDR10-001-2020-05-29-22-27-14-0001.jpg
data/TVData/2071/picture/400-499/Netflix-HDR10-001-2020-05-29-22-27-14-0015.jpg
data/TVData/2071/picture/400-499/TTS-ON-VIDEO-2020-05-29-22-27-14-0003.jpg
data/TVData/2071/picture/400-499/Netflix-EDR-001-2020-05-29-22-27-14-0017.jpg
data/TVData/2071/picture/400-499/Store-Demo-Disable-001-2020-05-29-22-27-14-0004.jpg
data/TVData/2071/picture/400-499/Netflix-SDR-001-2020-05-29-22-27-14-0013.jpg
data/TVData/2071/picture/400-499/Netflix-HDR10-001-2020-05-29-22-27-14-0009.jpg
data/TVData/2071/picture/400-499/ZOOM-OFF-VIDEO-2020-05-29-22-27-14-0002.jpg
data/TVData/2071/picture/400-499/Netflix-EDR-001-2020-05-29-22-27-14-0015.jpg
data/TVData/2071/picture/400-499/VUDU-launch-001-2020-05-29-22-27-14-0001.jpg
data/TVData/2098/100-199/Store-Demo-Disable-001-2020-06-12-10-15-56-0003.jpg
data/TVData/2098/100-199/Netflix-Wake-001-2020-06-12-10-15-56-0007.jpg
data/TVData/2098/100-199/Store-Demo-001-2020-06-12-10-15-56-0006.jpg
data/TVData/2098/100-199/Store-Demo-Disable-001-2020-06-12-10-15-56-0006.jpg
data/TVData/2098/100-199/SWU-001-2020-06-11-22-23-58-0001.jpg
data/TVData/2098/100-199/Store-Demo-001-2020-06-12-10-15-56-0003.jpg
data/TVData/2098/100-199/Store-Demo-001-2020-06-12-10-15-56-0007.jpg
data/TVData/2098/100-199/Store-Demo-001-2020-06-12-10-15-56-0008.jpg
data/TVData/2098/100-199/Store-Demo-001-2020-06-12-10-15-56-0009.jpg
data/TVData/2098/100-199/Store-Demo-001-2020-06-12-10-15-56-0001.jpg
data/TVData/2098/100-199/VUDU-launch-001-2020-06-12-10-15-56-0001.jpg
data/TVData/2098/100-199/SWU-001-2020-06-11-22-23-58-0003.jpg
data/TVData/2098/100-199/SWU-001-2020-06-12-10-06-42-0002.jpg
data/TVData/2098/100-199/SWU-001-2020-06-11-22-23-58-0004.jpg
data/TVData/2098/100-199/Store-Demo-001-2020-06-12-10-15-56-0002.jpg
data/TVData/2098/100-199/SwitchtoCast-001-2020-06-12-10-06-42-1.jpg
data/TVData/2098/100-199/Store-Demo-Disable-001-2020-06-12-10-15-56-0007.jpg
data/TVData/2098/100-199/Store-Demo-Disable-001-2020-06-12-10-15-56-0005.jpg
data/TVData/2098/100-199/SWU-001-2020-06-12-10-06-42-0003.jpg
data/TVData/2098/100-199/TTS-ON-VIDEO-2020-06-12-10-15-56-0002.jpg
data/TVData/2098/100-199/SWU-001-2020-06-11-22-23-58-0002.jpg
data/TVData/2098/100-199/SWU-001-2020-06-12-10-15-56-0002.jpg
data/TVData/2098/100-199/SwitchtoCast-001-2020-06-12-10-15-56-1.jpg
data/TVData/2098/100-199/Store-Demo-001-2020-06-12-10-15-56-0010.jpg
data/TVData/2098/100-199/TTS-ON-VIDEO-2020-06-12-10-15-56-0001.jpg
data/TVData/2098/100-199/Store-Demo-Disable-001-2020-06-12-10-15-56-0001.jpg
data/TVData/2098/100-199/Store-Demo-001-2020-06-12-10-15-56-0004.jpg
data/TVData/2098/100-199/Store-Demo-Disable-001-2020-06-12-10-15-56-0002.jpg
data/TVData/2098/100-199/Volume-Volume-001-2020-06-12-10-15-56-1.jpg
data/TVData/2098/100-199/Store-Demo-001-2020-06-12-10-15-56-0012.jpg
data/TVData/2098/100-199/SWU-001-2020-06-12-10-06-42-0004.jpg
data/TVData/2098/100-199/Store-Demo-001-2020-06-12-10-15-56-0005.jpg
data/TVData/2098/100-199/VUDU-launch-001-2020-06-12-10-15-56-0003.jpg
data/TVData/2098/100-199/SWU-001-2020-06-12-10-06-42-0001.jpg
data/TVData/2098/100-199/TTS-ON-VIDEO-2020-06-12-10-15-56-0003.jpg
data/TVData/2098/100-199/VUDU-launch-001-2020-06-12-10-15-56-0002.jpg
data/TVData/2098/100-199/SwitchtoTV-001-2020-06-12-10-15-56-1.jpg
data/TVData/2098/100-199/VUDU-launch-001-2020-06-12-10-15-56-0004.jpg
data/TVData/2098/100-199/Store-Demo-Disable-001-2020-06-12-10-15-56-0004.jpg
data/TVData/2098/100-199/SWU-001-2020-06-12-10-15-56-0003.jpg
data/TVData/2098/100-199/SwitchtoCast-001-2020-06-11-22-23-58-1.jpg
data/TVData/2098/001-099/Netflix-HDR10-001-2020-06-12-10-15-56-0013.jpg
data/TVData/2098/001-099/Netflix-SDR-001-2020-06-12-10-15-56-0006.jpg
data/TVData/2098/001-099/Netflix-Wake-001-2020-06-12-10-15-56-0001.jpg
data/TVData/2098/001-099/Netflix-SDR-001-2020-06-12-10-15-56-0016.jpg
data/TVData/2098/001-099/Netflix-SDR-001-2020-06-12-10-15-56-0003.jpg
data/TVData/2098/001-099/HDMI2-001-2020-06-12-10-15-56-0005.jpg
data/TVData/2098/001-099/Netflix-EDR-001-2020-06-12-10-15-56-0016.jpg
data/TVData/2098/001-099/HDMI4-001-2020-06-12-10-15-56-0001.jpg
data/TVData/2098/001-099/Netflix-HDR10-001-2020-06-12-10-15-56-0002.jpg
data/TVData/2098/001-099/Netflix-HDR10-001-2020-06-12-10-15-56-0004.jpg
data/TVData/2098/001-099/HDMI2-001-2020-06-12-10-15-56-0001.jpg
data/TVData/2098/001-099/Activity Data Terms-001-2020-06-12-10-06-42-0003.jpg
data/TVData/2098/001-099/Activity Data Terms-001-2020-06-11-22-23-58-0002.jpg
data/TVData/2098/001-099/Activity Data Terms-001-2020-06-11-22-23-58-0001.jpg
data/TVData/2098/001-099/HDMI4-001-2020-06-12-10-15-56-0003.jpg
data/TVData/2098/001-099/Netflix-SDR-001-2020-06-12-10-15-56-0013.jpg
data/TVData/2098/001-099/Netflix-SDR-001-2020-06-12-10-15-56-0015.jpg
data/TVData/2098/001-099/Full UHD-Color-On-001-2020-06-12-10-15-56-1.jpg
data/TVData/2098/001-099/Activity Data Terms-001-2020-06-12-10-15-56-0004.jpg
data/TVData/2098/001-099/Netflix-EDR-001-2020-06-12-10-15-56-0006.jpg
data/TVData/2098/001-099/Netflix-EDR-001-2020-06-12-10-15-56-0012.jpg
data/TVData/2098/001-099/Netflix-SDR-001-2020-06-12-10-15-56-0005.jpg
data/TVData/2098/001-099/Netflix-EDR-001-2020-06-12-10-15-56-0013.jpg
data/TVData/2098/001-099/Netflix-EDR-001-2020-06-12-10-15-56-0005.jpg
data/TVData/2098/001-099/CC-ON-VIDEO-2020-06-12-10-15-56-0003.jpg
data/TVData/2098/001-099/HDMI2-001-2020-06-12-10-15-56-0002.jpg
data/TVData/2098/001-099/HDMI2-001-2020-06-12-10-15-56-0003.jpg
data/TVData/2098/001-099/Activity Data Terms-001-2020-06-12-10-15-56-0001.jpg
data/TVData/2098/001-099/HDMI1-001-2020-06-12-10-15-56-0002.jpg
data/TVData/2098/001-099/HDMI4-001-2020-06-12-10-15-56-0005.jpg
data/TVData/2098/001-099/Netflix-HDR10-001-2020-06-12-10-15-56-0007.jpg
data/TVData/2098/001-099/COMPPIC-001-2020-06-12-10-15-56-0003.jpg
data/TVData/2098/001-099/Netflix-EDR-001-2020-06-12-10-15-56-0011.jpg
data/TVData/2098/001-099/Netflix-SDR-001-2020-06-12-10-15-56-0009.jpg
data/TVData/2098/001-099/HDMI3-001-2020-06-12-10-15-56-0003.jpg
data/TVData/2098/001-099/HDMI1-001-2020-06-12-10-15-56-0001.jpg
data/TVData/2098/001-099/Activity Data Terms-001-2020-06-12-10-06-42-0002.jpg
data/TVData/2098/001-099/Netflix-EDR-001-2020-06-12-10-15-56-0002.jpg
data/TVData/2098/001-099/Netflix-SDR-001-2020-06-12-10-15-56-0008.jpg
data/TVData/2098/001-099/COMPPIC-001-2020-06-12-10-15-56-0004.jpg
data/TVData/2098/001-099/Netflix-HDR10-001-2020-06-12-10-15-56-0001.jpg
data/TVData/2098/001-099/Netflix-HDR10-001-2020-06-12-10-15-56-0017.jpg
data/TVData/2098/001-099/Netflix-HDR10-001-2020-06-12-10-15-56-0016.jpg
data/TVData/2098/001-099/Netflix-EDR-001-2020-06-12-10-15-56-0004.jpg
data/TVData/2098/001-099/Netflix-SDR-001-2020-06-12-10-15-56-0004.jpg
data/TVData/2098/001-099/Netflix-SDR-001-2020-06-12-10-15-56-0014.jpg
data/TVData/2098/001-099/Netflix-SDR-001-2020-06-12-10-15-56-0012.jpg
data/TVData/2098/001-099/Netflix-EDR-001-2020-06-12-10-15-56-0017.jpg
data/TVData/2098/001-099/Netflix-EDR-001-2020-06-12-10-15-56-0007.jpg
data/TVData/2098/001-099/HDMI3-001-2020-06-12-10-15-56-0005.jpg
data/TVData/2098/001-099/Netflix-EDR-001-2020-06-12-10-15-56-0003.jpg
data/TVData/2098/001-099/HDMI2-001-2020-06-12-10-15-56-0004.jpg
data/TVData/2098/001-099/HDMI1-001-2020-06-12-10-15-56-0005.jpg
data/TVData/2098/001-099/Activity Data Terms-001-2020-06-12-10-06-42-0004.jpg
data/TVData/2098/001-099/HDMI3-001-2020-06-12-10-15-56-0001.jpg
data/TVData/2098/001-099/Netflix-SDR-001-2020-06-12-10-15-56-0017.jpg
data/TVData/2098/001-099/Netflix-HDR10-001-2020-06-12-10-15-56-0008.jpg
data/TVData/2098/001-099/Netflix-EDR-001-2020-06-12-10-15-56-0009.jpg
data/TVData/2098/001-099/Netflix-HDR10-001-2020-06-12-10-15-56-0003.jpg
data/TVData/2098/001-099/CC-ON-VIDEO-2020-06-12-10-15-56-0004.jpg
data/TVData/2098/001-099/Netflix-HDR10-001-2020-06-12-10-15-56-0014.jpg
data/TVData/2098/001-099/Netflix-EDR-001-2020-06-12-10-15-56-0008.jpg
data/TVData/2098/001-099/Netflix-Wake-001-2020-06-12-10-15-56-0002.jpg
data/TVData/2098/001-099/CC-ON-VIDEO-2020-06-12-10-15-56-0001.jpg
data/TVData/2098/001-099/Netflix-EDR-001-2020-06-12-10-15-56-0014.jpg
data/TVData/2098/001-099/Netflix-SDR-001-2020-06-12-10-15-56-0010.jpg
data/TVData/2098/001-099/Netflix-HDR10-001-2020-06-12-10-15-56-0006.jpg
data/TVData/2098/001-099/Activity Data Terms-001-2020-06-12-10-15-56-0002.jpg
data/TVData/2098/001-099/HDMI3-001-2020-06-12-10-15-56-0002.jpg
data/TVData/2098/001-099/COMPPIC-001-2020-06-12-10-15-56-0001.jpg
data/TVData/2098/001-099/Netflix-SDR-001-2020-06-12-10-15-56-0001.jpg
data/TVData/2098/001-099/Netflix-SDR-001-2020-06-12-10-15-56-0007.jpg
data/TVData/2098/001-099/Activity Data Terms-001-2020-06-11-22-23-58-0003.jpg
data/TVData/2098/001-099/Activity Data Terms-001-2020-06-11-22-23-58-0004.jpg
data/TVData/2098/001-099/Netflix-Wake-001-2020-06-12-10-15-56-0003.jpg
data/TVData/2098/001-099/Netflix-HDR10-001-2020-06-12-10-15-56-0012.jpg
data/TVData/2098/001-099/Netflix-HDR10-001-2020-06-12-10-15-56-0005.jpg
data/TVData/2098/001-099/Netflix-EDR-001-2020-06-12-10-15-56-0001.jpg
data/TVData/2105/SWU_001-2020-06-15-12-25-41-0008.jpg
data/TVData/2105/SWU_001-2020-06-15-12-25-41-0034.jpg
data/TVData/2105/SWU_001-2020-06-15-12-25-41-0066.jpg
data/TVData/2105/SWU_001-2020-06-15-12-25-41-0002.jpg
data/TVData/2105/SWU_001-2020-06-15-12-25-41-0083.jpg
data/TVData/2105/SWU_001-2020-06-15-12-25-41-0069.jpg
data/TVData/2105/SWU_001-2020-06-15-12-25-41-0038.jpg
data/TVData/2105/SWU_001-2020-06-15-12-25-41-0037.jpg
data/TVData/2105/SWU_001-2020-06-15-12-25-41-0077.jpg
data/TVData/2105/SWU_001-2020-06-15-12-25-41-0099.jpg
data/TVData/2105/SWU_001-2020-06-15-12-25-41-0047.jpg
data/TVData/2105/SWU_001-2020-06-15-12-25-41-0039.jpg
data/TVData/2105/SWU_001-2020-06-15-12-25-41-0076.jpg
data/TVData/2105/SWU_001-2020-06-15-12-25-41-0044.jpg
data/TVData/2105/SWU_001-2020-06-15-12-25-41-0035.jpg
data/TVData/2105/SWU_001-2020-06-15-12-25-41-0103.jpg
data/TVData/2105/SWU_001-2020-06-15-12-25-41-0059.jpg
data/TVData/2105/SWU_001-2020-06-15-12-25-41-0030.jpg
data/TVData/2105/SWU_001-2020-06-15-12-25-41-0024.jpg
data/TVData/2105/SWU_001-2020-06-15-12-25-41-0054.jpg
data/TVData/2105/SWU_001-2020-06-15-12-25-41-0048.jpg
data/TVData/2105/SWU_001-2020-06-15-12-25-41-0101.jpg
data/TVData/2105/SWU_001-2020-06-15-12-25-41-0013.jpg
data/TVData/2105/SWU_001-2020-06-15-12-25-41-0019.jpg
data/TVData/2105/SWU_001-2020-06-15-12-25-41-0110.jpg
data/TVData/2105/SWU_001-2020-06-15-12-25-41-0112.jpg
data/TVData/2105/SWU_001-2020-06-15-12-25-41-0107.jpg
data/TVData/2105/SWU_001-2020-06-15-12-25-41-0050.jpg
data/TVData/2105/SWU_001-2020-06-15-12-25-41-0023.jpg
data/TVData/2105/SWU_001-2020-06-15-12-25-41-0115.jpg
data/TVData/2105/SWU_001-2020-06-15-12-25-41-0016.jpg
data/TVData/2105/SWU_001-2020-06-15-12-25-41-0067.jpg
data/TVData/2105/SWU_001-2020-06-15-12-25-41-0004.jpg
data/TVData/2105/SWU_001-2020-06-15-12-25-41-0119.jpg
data/TVData/2105/SWU_001-2020-06-15-12-25-41-0021.jpg
data/TVData/2105/SWU_001-2020-06-15-12-25-41-0087.jpg
data/TVData/2105/SWU_001-2020-06-15-12-25-41-0091.jpg
data/TVData/2105/SWU_001-2020-06-15-12-25-41-0092.jpg
data/TVData/2105/SWU_001-2020-06-15-12-25-41-0022.jpg
data/TVData/2105/SWU_001-2020-06-15-12-25-41-0027.jpg
data/TVData/2105/SWU_001-2020-06-15-12-25-41-0058.jpg
data/TVData/2105/SWU_001-2020-06-15-12-25-41-0031.jpg
data/TVData/2105/SWU_001-2020-06-15-12-25-41-0061.jpg
data/TVData/2105/SWU_001-2020-06-15-12-25-41-0053.jpg
data/TVData/2105/SWU_001-2020-06-15-12-25-41-0080.jpg
data/TVData/2105/SWU_001-2020-06-15-12-25-41-0075.jpg
data/TVData/2105/SWU_001-2020-06-15-12-25-41-0111.jpg
data/TVData/2105/SWU_001-2020-06-15-12-25-41-0106.jpg
data/TVData/2105/SWU_001-2020-06-15-12-25-41-0073.jpg
data/TVData/2105/SWU_001-2020-06-15-12-25-41-0095.jpg
data/TVData/2105/SWU_001-2020-06-15-12-25-41-0036.jpg
data/TVData/2105/SWU_001-2020-06-15-12-25-41-0072.jpg
data/TVData/2105/SWU_001-2020-06-15-12-25-41-0086.jpg
data/TVData/2105/SWU_001-2020-06-15-12-25-41-0007.jpg
data/TVData/2105/SWU_001-2020-06-15-12-25-41-0064.jpg
data/TVData/2105/SWU_001-2020-06-15-12-25-41-0011.jpg
data/TVData/2105/SWU_001-2020-06-15-12-25-41-0104.jpg
data/TVData/2105/SWU_001-2020-06-15-12-25-41-0033.jpg
data/TVData/2105/SWU_001-2020-06-15-12-25-41-0098.jpg
data/TVData/2105/SWU_001-2020-06-15-12-25-41-0055.jpg
data/TVData/2105/SWU_001-2020-06-15-12-25-41-0120.jpg
data/TVData/2105/SWU_001-2020-06-15-12-25-41-0010.jpg
data/TVData/2105/SWU_001-2020-06-15-12-25-41-0014.jpg
data/TVData/2105/SWU_001-2020-06-15-12-25-41-0029.jpg
data/TVData/2105/SWU_001-2020-06-15-12-25-41-0051.jpg
data/TVData/2105/SWU_001-2020-06-15-12-25-41-0085.jpg
data/TVData/2105/SWU_001-2020-06-15-12-25-41-0025.jpg
data/TVData/2105/SWU_001-2020-06-15-12-25-41-0018.jpg
data/TVData/2105/SWU_001-2020-06-15-12-25-41-0084.jpg
data/TVData/2105/SWU_001-2020-06-15-12-25-41-0088.jpg
data/TVData/2105/SWU_001-2020-06-15-12-25-41-0005.jpg
data/TVData/2105/SWU_001-2020-06-15-12-25-41-0060.jpg
data/TVData/2105/SWU_001-2020-06-15-12-25-41-0114.jpg
data/TVData/2105/SWU_001-2020-06-15-12-25-41-0108.jpg
data/TVData/2105/SWU_001-2020-06-15-12-25-41-0079.jpg
data/TVData/2105/SWU_001-2020-06-15-12-25-41-0093.jpg
data/TVData/2105/SWU_001-2020-06-15-12-25-41-0078.jpg
data/TVData/2105/SWU_001-2020-06-15-12-25-41-0052.jpg
data/TVData/2105/SWU_001-2020-06-15-12-25-41-0020.jpg
data/TVData/2105/SWU_001-2020-06-15-12-25-41-0089.jpg
data/TVData/2105/SWU_001-2020-06-15-12-25-41-0071.jpg
data/TVData/2105/SWU_001-2020-06-15-12-25-41-0118.jpg
data/TVData/2105/SWU_001-2020-06-15-12-25-41-0113.jpg
data/TVData/2105/SWU_001-2020-06-15-12-25-41-0105.jpg
data/TVData/2105/SWU_001-2020-06-15-12-25-41-0062.jpg
data/TVData/2105/SWU_001-2020-06-15-12-25-41-0074.jpg
data/TVData/2105/SWU_001-2020-06-15-12-25-41-0063.jpg
data/TVData/2105/SWU_001-2020-06-15-12-25-41-0009.jpg
data/TVData/2105/SWU_001-2020-06-15-12-25-41-0068.jpg
data/TVData/2105/SWU_001-2020-06-15-12-25-41-0097.jpg
data/TVData/0617/picture/VID-20200617-134833-0003.jpg
data/TVData/0617/picture/VID-20200617-134833-0014.jpg
data/TVData/0617/picture/VID-20200617-134918-0002.jpg
data/TVData/0617/picture/VID-20200617-134918-0020.jpg
data/TVData/0617/picture/VID-20200617-134918-0009.jpg
data/TVData/0617/picture/VID-20200617-134918-0018.jpg
data/TVData/0617/picture/VID-20200617-134918-0030.jpg
data/TVData/0617/picture/VID-20200617-134918-0014.jpg
data/TVData/0617/picture/VID-20200617-134918-0012.jpg
data/TVData/0617/picture/VID-20200617-134833-0008.jpg
data/TVData/0617/picture/VID-20200617-134918-0008.jpg
data/TVData/0617/picture/VID-20200617-134918-0007.jpg
data/TVData/0617/picture/VID-20200617-134918-0032.jpg
data/TVData/0617/picture/VID-20200617-134833-0009.jpg
data/TVData/0617/picture/VID-20200617-134918-0022.jpg
data/TVData/0617/picture/VID-20200617-134833-0001.jpg
data/TVData/0617/picture/VID-20200617-134833-0006.jpg
data/TVData/0617/picture/VID-20200617-134918-0031.jpg
data/TVData/0617/picture/VID-20200617-134833-0010.jpg
data/TVData/0617/picture/VID-20200617-134918-0011.jpg
data/TVData/0617/picture/VID-20200617-134918-0028.jpg
data/TVData/0617/picture/VID-20200617-134918-0017.jpg
data/TVData/0617/picture/VID-20200617-134833-0013.jpg
data/TVData/0617/picture/VID-20200617-134918-0004.jpg
data/TVData/0617/picture/VID-20200617-134918-0016.jpg
data/TVData/0617/picture/VID-20200617-134918-0027.jpg
data/TVData/0617/picture/VID-20200617-134918-0024.jpg
data/TVData/0617/picture/VID-20200617-134918-0013.jpg
data/TVData/0617/picture/VID-20200617-134918-0026.jpg
data/TVData/0617/picture/VID-20200617-134833-0005.jpg
data/TVData/0617/picture/VID-20200617-134918-0003.jpg
data/TVData/0617/picture/VID-20200617-134918-0006.jpg
data/TVData/0617/picture/VID-20200617-134918-0015.jpg
data/TVData/0617/picture/VID-20200617-134918-0019.jpg
data/TVData/0617/picture/VID-20200617-134833-0011.jpg
data/TVData/0617/picture/VID-20200617-134833-0004.jpg
data/TVData/0617/picture/VID-20200617-134918-0001.jpg
data/TVData/2099/SWU_001-2020-06-12-12-26-40-0001.jpg
data/TVData/2099/SWU_001-2020-06-12-12-26-40-0003.jpg
data/TVData/2099/SWU_001-2020-06-12-12-26-40-0004.jpg
data/TVData/2099/SWU_001-2020-06-12-12-26-40-0002.jpg
data/TVData/2104/SWU_001-2020-06-13-22-23-29-0038.jpg
data/TVData/2104/SWU_001-2020-06-13-22-23-29-0077.jpg
data/TVData/2104/SWU_001-2020-06-13-22-23-29-0103.jpg
data/TVData/2104/SWU_001-2020-06-13-22-23-29-0022.jpg
data/TVData/2104/SWU_001-2020-06-13-22-23-29-0021.jpg
data/TVData/2104/SWU_001-2020-06-13-22-23-29-0113.jpg
data/TVData/2104/SWU_001-2020-06-13-22-23-29-0105.jpg
data/TVData/2104/SWU_001-2020-06-13-22-23-29-0020.jpg
data/TVData/2104/SWU_001-2020-06-13-22-23-29-0001.jpg
data/TVData/2104/SWU_001-2020-06-13-22-23-29-0019.jpg
data/TVData/2104/SWU_001-2020-06-13-22-23-29-0120.jpg
data/TVData/2104/SWU_001-2020-06-13-22-23-29-0035.jpg
data/TVData/2104/SWU_001-2020-06-13-22-23-29-0040.jpg
data/TVData/2104/SWU_001-2020-06-13-22-23-29-0075.jpg
data/TVData/2104/SWU_001-2020-06-13-22-23-29-0082.jpg
data/TVData/2104/SWU_001-2020-06-13-22-23-29-0051.jpg
data/TVData/2104/SWU_001-2020-06-13-22-23-29-0072.jpg
data/TVData/2104/SWU_001-2020-06-13-22-23-29-0078.jpg
data/TVData/2104/SWU_001-2020-06-13-22-23-29-0052.jpg
data/TVData/2104/SWU_001-2020-06-13-22-23-29-0058.jpg
data/TVData/2104/SWU_001-2020-06-13-22-23-29-0076.jpg
data/TVData/2104/SWU_001-2020-06-13-22-23-29-0045.jpg
data/TVData/2104/SWU_001-2020-06-13-22-23-29-0005.jpg
data/TVData/2104/SWU_001-2020-06-13-22-23-29-0008.jpg
data/TVData/2104/SWU_001-2020-06-13-22-23-29-0088.jpg
data/TVData/2104/SWU_001-2020-06-13-22-23-29-0029.jpg
data/TVData/2104/SWU_001-2020-06-13-22-23-29-0013.jpg
data/TVData/2104/SWU_001-2020-06-13-22-23-29-0016.jpg
data/TVData/2104/SWU_001-2020-06-13-22-23-29-0100.jpg
data/TVData/2104/SWU_001-2020-06-13-22-23-29-0054.jpg
data/TVData/2104/SWU_001-2020-06-13-22-23-29-0010.jpg
data/TVData/2104/SWU_001-2020-06-13-22-23-29-0011.jpg
data/TVData/2104/SWU_001-2020-06-13-22-23-29-0106.jpg
data/TVData/2104/SWU_001-2020-06-13-22-23-29-0031.jpg
data/TVData/2104/SWU_001-2020-06-13-22-23-29-0046.jpg
data/TVData/2104/SWU_001-2020-06-13-22-23-29-0043.jpg
data/TVData/2104/SWU_001-2020-06-13-22-23-29-0096.jpg
data/TVData/2104/SWU_001-2020-06-13-22-23-29-0110.jpg
data/TVData/2104/SWU_001-2020-06-13-22-23-29-0048.jpg
data/TVData/2104/SWU_001-2020-06-13-22-23-29-0025.jpg
data/TVData/2104/SWU_001-2020-06-13-22-23-29-0094.jpg
data/TVData/2104/SWU_001-2020-06-13-22-23-29-0066.jpg
data/TVData/2104/SWU_001-2020-06-13-22-23-29-0006.jpg
data/TVData/2104/SWU_001-2020-06-13-22-23-29-0071.jpg
data/TVData/2104/SWU_001-2020-06-13-22-23-29-0068.jpg
data/TVData/2104/SWU_001-2020-06-13-22-23-29-0065.jpg
data/TVData/2104/SWU_001-2020-06-13-22-23-29-0057.jpg
data/TVData/2104/SWU_001-2020-06-13-22-23-29-0108.jpg
data/TVData/2104/SWU_001-2020-06-13-22-23-29-0018.jpg
data/TVData/2104/SWU_001-2020-06-13-22-23-29-0032.jpg
data/TVData/2104/SWU_001-2020-06-13-22-23-29-0064.jpg
data/TVData/2104/SWU_001-2020-06-13-22-23-29-0024.jpg
data/TVData/2104/SWU_001-2020-06-13-22-23-29-0092.jpg
data/TVData/2104/SWU_001-2020-06-13-22-23-29-0014.jpg
data/TVData/2104/SWU_001-2020-06-13-22-23-29-0033.jpg
data/TVData/2104/SWU_001-2020-06-13-22-23-29-0063.jpg
data/TVData/2104/SWU_001-2020-06-13-22-23-29-0034.jpg
data/TVData/2104/SWU_001-2020-06-13-22-23-29-0095.jpg
data/TVData/2104/SWU_001-2020-06-13-22-23-29-0084.jpg
data/TVData/2104/SWU_001-2020-06-13-22-23-29-0111.jpg
data/TVData/2104/SWU_001-2020-06-13-22-23-29-0049.jpg
data/TVData/2104/SWU_001-2020-06-13-22-23-29-0116.jpg
data/TVData/2104/SWU_001-2020-06-13-22-23-29-0041.jpg
data/TVData/2104/SWU_001-2020-06-13-22-23-29-0012.jpg
data/TVData/2104/SWU_001-2020-06-13-22-23-29-0002.jpg
data/TVData/2104/SWU_001-2020-06-13-22-23-29-0053.jpg
data/TVData/2104/SWU_001-2020-06-13-22-23-29-0069.jpg
data/TVData/2104/SWU_001-2020-06-13-22-23-29-0044.jpg
data/TVData/2104/SWU_001-2020-06-13-22-23-29-0099.jpg
data/TVData/2104/SWU_001-2020-06-13-22-23-29-0067.jpg
data/TVData/2104/SWU_001-2020-06-13-22-23-29-0085.jpg
data/TVData/2104/SWU_001-2020-06-13-22-23-29-0037.jpg
data/TVData/2104/SWU_001-2020-06-13-22-23-29-0090.jpg
data/TVData/2104/SWU_001-2020-06-13-22-23-29-0115.jpg
data/TVData/2104/SWU_001-2020-06-13-22-23-29-0056.jpg
data/TVData/2104/SWU_001-2020-06-13-22-23-29-0030.jpg
data/TVData/2104/SWU_001-2020-06-13-22-23-29-0042.jpg
data/TVData/2104/SWU_001-2020-06-13-22-23-29-0039.jpg
data/TVData/2104/SWU_001-2020-06-13-22-23-29-0119.jpg
data/TVData/2104/SWU_001-2020-06-13-22-23-29-0079.jpg
data/TVData/2104/SWU_001-2020-06-13-22-23-29-0097.jpg
data/TVData/2104/SWU_001-2020-06-13-22-23-29-0083.jpg
data/TVData/2104/SWU_001-2020-06-13-22-23-29-0015.jpg
data/TVData/2104/SWU_001-2020-06-13-22-23-29-0009.jpg
data/TVData/2104/SWU_001-2020-06-13-22-23-29-0118.jpg
data/TVData/2104/SWU_001-2020-06-13-22-23-29-0073.jpg
data/TVData/2104/SWU_001-2020-06-13-22-23-29-0114.jpg
data/TVData/2104/SWU_001-2020-06-13-22-23-29-0007.jpg
data/TVData/2104/SWU_001-2020-06-13-22-23-29-0089.jpg
data/TVData/2104/SWU_001-2020-06-13-22-23-29-0036.jpg
data/TVData/2104/SWU_001-2020-06-13-22-23-29-0004.jpg
data/TVData/2104/SWU_001-2020-06-13-22-23-29-0107.jpg
data/TVData/2104/SWU_001-2020-06-13-22-23-29-0098.jpg
data/TVData/2104/SWU_001-2020-06-13-22-23-29-0017.jpg
data/TVData/2104/SWU_001-2020-06-13-22-23-29-0062.jpg
data/TVData/2104/SWU_001-2020-06-13-22-23-29-0061.jpg
data/TVData/2104/SWU_001-2020-06-13-22-23-29-0026.jpg
data/TVData/2104/SWU_001-2020-06-13-22-23-29-0091.jpg
data/TVData/2104/SWU_001-2020-06-13-22-23-29-0087.jpg
data/TVData/2103/SWU_001-2020-06-13-12-25-36-0020.jpg
data/TVData/2103/SWU_001-2020-06-13-12-25-36-0049.jpg
data/TVData/2103/SWU_001-2020-06-13-12-25-36-0025.jpg
data/TVData/2103/SWU_001-2020-06-13-12-25-36-0006.jpg
data/TVData/2103/SWU_001-2020-06-13-12-25-36-0105.jpg
data/TVData/2103/SWU_001-2020-06-13-12-25-36-0112.jpg
data/TVData/2103/SWU_001-2020-06-13-12-25-36-0068.jpg
data/TVData/2103/SWU_001-2020-06-13-12-25-36-0073.jpg
data/TVData/2103/SWU_001-2020-06-13-12-25-36-0094.jpg
data/TVData/2103/SWU_001-2020-06-13-12-25-36-0109.jpg
data/TVData/2103/SWU_001-2020-06-13-12-25-36-0120.jpg
data/TVData/2103/SWU_001-2020-06-13-12-25-36-0076.jpg
data/TVData/2103/SWU_001-2020-06-13-12-25-36-0053.jpg
data/TVData/2103/SWU_001-2020-06-13-12-25-36-0024.jpg
data/TVData/2103/SWU_001-2020-06-13-12-25-36-0103.jpg
data/TVData/2103/SWU_001-2020-06-13-12-25-36-0096.jpg
data/TVData/2103/SWU_001-2020-06-13-12-25-36-0081.jpg
data/TVData/2103/SWU_001-2020-06-13-12-25-36-0051.jpg
data/TVData/2103/SWU_001-2020-06-13-12-25-36-0012.jpg
data/TVData/2103/SWU_001-2020-06-13-12-25-36-0003.jpg
data/TVData/2103/SWU_001-2020-06-13-12-25-36-0063.jpg
data/TVData/2103/SWU_001-2020-06-13-12-25-36-0034.jpg
data/TVData/2103/SWU_001-2020-06-13-12-25-36-0088.jpg
data/TVData/2103/SWU_001-2020-06-13-12-25-36-0002.jpg
data/TVData/2103/SWU_001-2020-06-13-12-25-36-0039.jpg
data/TVData/2103/SWU_001-2020-06-13-12-25-36-0108.jpg
data/TVData/2103/SWU_001-2020-06-13-12-25-36-0036.jpg
data/TVData/2103/SWU_001-2020-06-13-12-25-36-0104.jpg
data/TVData/2103/SWU_001-2020-06-13-12-25-36-0087.jpg
data/TVData/2103/SWU_001-2020-06-13-12-25-36-0019.jpg
data/TVData/2103/SWU_001-2020-06-13-12-25-36-0007.jpg
data/TVData/2103/SWU_001-2020-06-13-12-25-36-0092.jpg
data/TVData/2103/SWU_001-2020-06-13-12-25-36-0102.jpg
data/TVData/2103/SWU_001-2020-06-13-12-25-36-0035.jpg
data/TVData/2103/SWU_001-2020-06-13-12-25-36-0093.jpg
data/TVData/2103/SWU_001-2020-06-13-12-25-36-0001.jpg
data/TVData/2103/SWU_001-2020-06-13-12-25-36-0091.jpg
data/TVData/2103/SWU_001-2020-06-13-12-25-36-0117.jpg
data/TVData/2103/SWU_001-2020-06-13-12-25-36-0015.jpg
data/TVData/2103/SWU_001-2020-06-13-12-25-36-0118.jpg
data/TVData/2103/SWU_001-2020-06-13-12-25-36-0074.jpg
data/TVData/2103/SWU_001-2020-06-13-12-25-36-0052.jpg
data/TVData/2103/SWU_001-2020-06-13-12-25-36-0114.jpg
data/TVData/2103/SWU_001-2020-06-13-12-25-36-0098.jpg
data/TVData/2103/SWU_001-2020-06-13-12-25-36-0016.jpg
data/TVData/2103/SWU_001-2020-06-13-12-25-36-0009.jpg
data/TVData/2103/SWU_001-2020-06-13-12-25-36-0026.jpg
data/TVData/2103/SWU_001-2020-06-13-12-25-36-0022.jpg
data/TVData/2103/SWU_001-2020-06-13-12-25-36-0055.jpg
data/TVData/2103/SWU_001-2020-06-13-12-25-36-0023.jpg
data/TVData/2103/SWU_001-2020-06-13-12-25-36-0047.jpg
data/TVData/2103/SWU_001-2020-06-13-12-25-36-0005.jpg
data/TVData/2103/SWU_001-2020-06-13-12-25-36-0021.jpg
data/TVData/2103/SWU_001-2020-06-13-12-25-36-0029.jpg
data/TVData/2103/SWU_001-2020-06-13-12-25-36-0017.jpg
data/TVData/2103/SWU_001-2020-06-13-12-25-36-0116.jpg
data/TVData/2103/SWU_001-2020-06-13-12-25-36-0107.jpg
data/TVData/2103/SWU_001-2020-06-13-12-25-36-0106.jpg
data/TVData/2103/SWU_001-2020-06-13-12-25-36-0057.jpg
data/TVData/2103/SWU_001-2020-06-13-12-25-36-0080.jpg
data/TVData/2103/SWU_001-2020-06-13-12-25-36-0044.jpg
data/TVData/2103/SWU_001-2020-06-13-12-25-36-0070.jpg
data/TVData/2103/SWU_001-2020-06-13-12-25-36-0033.jpg
data/TVData/2103/SWU_001-2020-06-13-12-25-36-0084.jpg
data/TVData/2103/SWU_001-2020-06-13-12-25-36-0028.jpg
data/TVData/2103/SWU_001-2020-06-13-12-25-36-0071.jpg
data/TVData/2103/SWU_001-2020-06-13-12-25-36-0010.jpg
data/TVData/2103/SWU_001-2020-06-13-12-25-36-0079.jpg
data/TVData/2103/SWU_001-2020-06-13-12-25-36-0095.jpg
data/TVData/2103/SWU_001-2020-06-13-12-25-36-0014.jpg
data/TVData/2103/SWU_001-2020-06-13-12-25-36-0059.jpg
data/TVData/2103/SWU_001-2020-06-13-12-25-36-0066.jpg
data/TVData/2103/SWU_001-2020-06-13-12-25-36-0054.jpg
data/TVData/2103/SWU_001-2020-06-13-12-25-36-0027.jpg
data/TVData/2103/SWU_001-2020-06-13-12-25-36-0072.jpg
data/TVData/2103/SWU_001-2020-06-13-12-25-36-0032.jpg
data/TVData/2103/SWU_001-2020-06-13-12-25-36-0100.jpg
data/TVData/2103/SWU_001-2020-06-13-12-25-36-0085.jpg
data/TVData/2103/SWU_001-2020-06-13-12-25-36-0099.jpg
data/TVData/2103/SWU_001-2020-06-13-12-25-36-0030.jpg
data/TVData/2103/SWU_001-2020-06-13-12-25-36-0077.jpg
data/TVData/2103/SWU_001-2020-06-13-12-25-36-0082.jpg
data/TVData/2103/SWU_001-2020-06-13-12-25-36-0089.jpg
data/TVData/2103/SWU_001-2020-06-13-12-25-36-0065.jpg
data/TVData/2103/SWU_001-2020-06-13-12-25-36-0058.jpg
data/TVData/2103/SWU_001-2020-06-13-12-25-36-0119.jpg
data/TVData/2103/SWU_001-2020-06-13-12-25-36-0075.jpg
data/TVData/2103/SWU_001-2020-06-13-12-25-36-0069.jpg
data/TVData/2103/SWU_001-2020-06-13-12-25-36-0060.jpg
data/TVData/2103/SWU_001-2020-06-13-12-25-36-0041.jpg
data/TVData/2103/SWU_001-2020-06-13-12-25-36-0018.jpg
data/TVData/2103/SWU_001-2020-06-13-12-25-36-0013.jpg
data/TVData/2103/SWU_001-2020-06-13-12-25-36-0004.jpg
data/TVData/2103/SWU_001-2020-06-13-12-25-36-0045.jpg
data/TVData/2102/SWU_001-2020-06-12-22-23-30-0004.jpg
data/TVData/2102/SWU_001-2020-06-12-22-23-30-0001.jpg
data/TVData/2102/SWU_001-2020-06-12-22-23-30-0002.jpg
data/TVData/0615/500-599/TVDATA-0615-0516.jpg
data/TVData/0615/500-599/TVDATA-0615-0520.jpg
data/TVData/0615/500-599/TVDATA-0615-0507.jpg
data/TVData/0615/500-599/TVDATA-0615-0521.jpg
data/TVData/0615/500-599/TVDATA-0615-0529.jpg
data/TVData/0615/500-599/TVDATA-0615-0519.jpg
data/TVData/0615/500-599/TVDATA-0615-0528.jpg
data/TVData/0615/500-599/TVDATA-0615-0501.jpg
data/TVData/0615/500-599/TVDATA-0615-0525.jpg
data/TVData/0615/500-599/TVDATA-0615-0523.jpg
data/TVData/0615/500-599/TVDATA-0615-0506.jpg
data/TVData/0615/500-599/TVDATA-0615-0517.jpg
data/TVData/0615/500-599/TVDATA-0615-0500.jpg
data/TVData/0615/500-599/TVDATA-0615-0530.jpg
data/TVData/0615/500-599/TVDATA-0615-0509.jpg
data/TVData/0615/500-599/TVDATA-0615-0524.jpg
data/TVData/0615/500-599/TVDATA-0615-0522.jpg
data/TVData/0615/500-599/TVDATA-0615-0510.jpg
data/TVData/0615/500-599/TVDATA-0615-0526.jpg
data/TVData/0615/500-599/TVDATA-0615-0514.jpg
data/TVData/0615/500-599/TVDATA-0615-0518.jpg
data/TVData/0615/500-599/TVDATA-0615-0512.jpg
data/TVData/0615/500-599/TVDATA-0615-0508.jpg
data/TVData/0615/500-599/TVDATA-0615-0515.jpg
data/TVData/0615/100-199/TVDATA-0615-0170.jpg
data/TVData/0615/100-199/TVDATA-0615-0164.jpg
data/TVData/0615/100-199/TVDATA-0615-0182.jpg
data/TVData/0615/100-199/TVDATA-0615-0117.jpg
data/TVData/0615/100-199/TVDATA-0615-0136.jpg
data/TVData/0615/100-199/TVDATA-0615-0144.jpg
data/TVData/0615/100-199/TVDATA-0615-0109.jpg
data/TVData/0615/100-199/TVDATA-0615-0171.jpg
data/TVData/0615/100-199/TVDATA-0615-0166.jpg
data/TVData/0615/100-199/TVDATA-0615-0128.jpg
data/TVData/0615/100-199/TVDATA-0615-0186.jpg
data/TVData/0615/100-199/TVDATA-0615-0101.jpg
data/TVData/0615/100-199/TVDATA-0615-0155.jpg
data/TVData/0615/100-199/TVDATA-0615-0145.jpg
data/TVData/0615/100-199/TVDATA-0615-0148.jpg
data/TVData/0615/100-199/TVDATA-0615-0162.jpg
data/TVData/0615/100-199/TVDATA-0615-0152.jpg
data/TVData/0615/100-199/TVDATA-0615-0139.jpg
data/TVData/0615/100-199/TVDATA-0615-0167.jpg
data/TVData/0615/100-199/TVDATA-0615-0116.jpg
data/TVData/0615/100-199/TVDATA-0615-0102.jpg
data/TVData/0615/100-199/TVDATA-0615-0153.jpg
data/TVData/0615/100-199/TVDATA-0615-0123.jpg
data/TVData/0615/100-199/TVDATA-0615-0113.jpg
data/TVData/0615/100-199/TVDATA-0615-0124.jpg
data/TVData/0615/100-199/TVDATA-0615-0126.jpg
data/TVData/0615/100-199/TVDATA-0615-0112.jpg
data/TVData/0615/100-199/TVDATA-0615-0160.jpg
data/TVData/0615/100-199/TVDATA-0615-0173.jpg
data/TVData/0615/100-199/TVDATA-0615-0157.jpg
data/TVData/0615/100-199/TVDATA-0615-0158.jpg
data/TVData/0615/100-199/TVDATA-0615-0184.jpg
data/TVData/0615/100-199/TVDATA-0615-0133.jpg
data/TVData/0615/100-199/TVDATA-0615-0143.jpg
data/TVData/0615/100-199/TVDATA-0615-0132.jpg
data/TVData/0615/100-199/TVDATA-0615-0110.jpg
data/TVData/0615/100-199/TVDATA-0615-0165.jpg
data/TVData/0615/100-199/TVDATA-0615-0177.jpg
data/TVData/0615/100-199/TVDATA-0615-0121.jpg
data/TVData/0615/100-199/TVDATA-0615-0149.jpg
data/TVData/0615/100-199/TVDATA-0615-0175.jpg
data/TVData/0615/100-199/TVDATA-0615-0197.jpg
data/TVData/0615/100-199/TVDATA-0615-0100.jpg
data/TVData/0615/100-199/TVDATA-0615-0185.jpg
data/TVData/0615/100-199/TVDATA-0615-0150.jpg
data/TVData/0615/100-199/TVDATA-0615-0189.jpg
data/TVData/0615/100-199/TVDATA-0615-0138.jpg
data/TVData/0615/100-199/TVDATA-0615-0137.jpg
data/TVData/0615/100-199/TVDATA-0615-0163.jpg
data/TVData/0615/100-199/TVDATA-0615-0180.jpg
data/TVData/0615/100-199/TVDATA-0615-0115.jpg
data/TVData/0615/100-199/TVDATA-0615-0108.jpg
data/TVData/0615/100-199/TVDATA-0615-0159.jpg
data/TVData/0615/100-199/TVDATA-0615-0141.jpg
data/TVData/0615/100-199/TVDATA-0615-0140.jpg
data/TVData/0615/100-199/TVDATA-0615-0147.jpg
data/TVData/0615/100-199/TVDATA-0615-0193.jpg
data/TVData/0615/100-199/TVDATA-0615-0151.jpg
data/TVData/0615/100-199/TVDATA-0615-0191.jpg
data/TVData/0615/100-199/TVDATA-0615-0118.jpg
data/TVData/0615/100-199/TVDATA-0615-0107.jpg
data/TVData/0615/100-199/TVDATA-0615-0130.jpg
data/TVData/0615/100-199/TVDATA-0615-0114.jpg
data/TVData/0615/100-199/TVDATA-0615-0154.jpg
data/TVData/0615/100-199/TVDATA-0615-0190.jpg
data/TVData/0615/100-199/TVDATA-0615-0192.jpg
data/TVData/0615/100-199/TVDATA-0615-0122.jpg
data/TVData/0615/100-199/TVDATA-0615-0134.jpg
data/TVData/0615/100-199/TVDATA-0615-0161.jpg
data/TVData/0615/100-199/TVDATA-0615-0196.jpg
data/TVData/0615/100-199/TVDATA-0615-0105.jpg
data/TVData/0615/100-199/TVDATA-0615-0172.jpg
data/TVData/0615/100-199/TVDATA-0615-0125.jpg
data/TVData/0615/100-199/TVDATA-0615-0181.jpg
data/TVData/0615/001-099/TVDATA-0615-0026.jpg
data/TVData/0615/001-099/TVDATA-0615-0044.jpg
data/TVData/0615/001-099/TVDATA-0615-0069.jpg
data/TVData/0615/001-099/TVDATA-0615-0088.jpg
data/TVData/0615/001-099/TVDATA-0615-0050.jpg
data/TVData/0615/001-099/TVDATA-0615-0079.jpg
data/TVData/0615/001-099/TVDATA-0615-0070.jpg
data/TVData/0615/001-099/TVDATA-0615-0035.jpg
data/TVData/0615/001-099/TVDATA-0615-0007.jpg
data/TVData/0615/001-099/TVDATA-0615-0001.jpg
data/TVData/0615/001-099/TVDATA-0615-0037.jpg
data/TVData/0615/001-099/TVDATA-0615-0085.jpg
data/TVData/0615/001-099/TVDATA-0615-0086.jpg
data/TVData/0615/001-099/TVDATA-0615-0005.jpg
data/TVData/0615/001-099/TVDATA-0615-0014.jpg
data/TVData/0615/001-099/TVDATA-0615-0047.jpg
data/TVData/0615/001-099/TVDATA-0615-0067.jpg
data/TVData/0615/001-099/TVDATA-0615-0073.jpg
data/TVData/0615/001-099/TVDATA-0615-0075.jpg
data/TVData/0615/001-099/TVDATA-0615-0060.jpg
data/TVData/0615/001-099/TVDATA-0615-0061.jpg
data/TVData/0615/001-099/TVDATA-0615-0020.jpg
data/TVData/0615/001-099/TVDATA-0615-0094.jpg
data/TVData/0615/001-099/TVDATA-0615-0019.jpg
data/TVData/0615/001-099/TVDATA-0615-0028.jpg
data/TVData/0615/001-099/TVDATA-0615-0089.jpg
data/TVData/0615/001-099/TVDATA-0615-0078.jpg
data/TVData/0615/001-099/TVDATA-0615-0091.jpg
data/TVData/0615/001-099/TVDATA-0615-0072.jpg
data/TVData/0615/001-099/TVDATA-0615-0056.jpg
data/TVData/0615/001-099/TVDATA-0615-0057.jpg
data/TVData/0615/001-099/TVDATA-0615-0011.jpg
data/TVData/0615/001-099/TVDATA-0615-0095.jpg
data/TVData/0615/001-099/TVDATA-0615-0066.jpg
data/TVData/0615/001-099/TVDATA-0615-0090.jpg
data/TVData/0615/001-099/TVDATA-0615-0062.jpg
data/TVData/0615/001-099/TVDATA-0615-0036.jpg
data/TVData/0615/001-099/TVDATA-0615-0042.jpg
data/TVData/0615/001-099/TVDATA-0615-0051.jpg
data/TVData/0615/001-099/TVDATA-0615-0006.jpg
data/TVData/0615/001-099/TVDATA-0615-0082.jpg
data/TVData/0615/001-099/TVDATA-0615-0053.jpg
data/TVData/0615/001-099/TVDATA-0615-0024.jpg
data/TVData/0615/001-099/TVDATA-0615-0025.jpg
data/TVData/0615/001-099/TVDATA-0615-0076.jpg
data/TVData/0615/001-099/TVDATA-0615-0059.jpg
data/TVData/0615/001-099/TVDATA-0615-0040.jpg
data/TVData/0615/001-099/TVDATA-0615-0013.jpg
data/TVData/0615/001-099/TVDATA-0615-0058.jpg
data/TVData/0615/001-099/TVDATA-0615-0008.jpg
data/TVData/0615/001-099/TVDATA-0615-0065.jpg
data/TVData/0615/001-099/TVDATA-0615-0096.jpg
data/TVData/0615/001-099/TVDATA-0615-0063.jpg
data/TVData/0615/001-099/TVDATA-0615-0023.jpg
data/TVData/0615/001-099/TVDATA-0615-0010.jpg
data/TVData/0615/001-099/TVDATA-0615-0016.jpg
data/TVData/0615/001-099/TVDATA-0615-0084.jpg
data/TVData/0615/001-099/TVDATA-0615-0039.jpg
data/TVData/0615/001-099/TVDATA-0615-0012.jpg
data/TVData/0615/001-099/TVDATA-0615-0071.jpg
data/TVData/0615/001-099/TVDATA-0615-0045.jpg
data/TVData/0615/001-099/TVDATA-0615-0021.jpg
data/TVData/0615/001-099/TVDATA-0615-0055.jpg
data/TVData/0615/001-099/TVDATA-0615-0002.jpg
data/TVData/0615/001-099/TVDATA-0615-0029.jpg
data/TVData/0615/001-099/TVDATA-0615-0054.jpg
data/TVData/0615/001-099/TVDATA-0615-0080.jpg
data/TVData/0615/001-099/TVDATA-0615-0049.jpg
data/TVData/0615/001-099/TVDATA-0615-0087.jpg
data/TVData/0615/001-099/TVDATA-0615-0098.jpg
data/TVData/0615/001-099/TVDATA-0615-0022.jpg
data/TVData/0615/001-099/TVDATA-0615-0041.jpg
data/TVData/0615/001-099/TVDATA-0615-0077.jpg
data/TVData/0615/001-099/TVDATA-0615-0033.jpg
data/TVData/0615/001-099/TVDATA-0615-0032.jpg
data/TVData/0615/001-099/TVDATA-0615-0099.jpg
data/TVData/0615/001-099/TVDATA-0615-0048.jpg
data/TVData/0615/001-099/TVDATA-0615-0068.jpg
data/TVData/0615/001-099/TVDATA-0615-0018.jpg
data/TVData/0615/001-099/TVDATA-0615-0064.jpg
data/TVData/0615/300-399/TVDATA-0615-0354.jpg
data/TVData/0615/300-399/TVDATA-0615-0307.jpg
data/TVData/0615/300-399/TVDATA-0615-0378.jpg
data/TVData/0615/300-399/TVDATA-0615-0396.jpg
data/TVData/0615/300-399/TVDATA-0615-0395.jpg
data/TVData/0615/300-399/TVDATA-0615-0312.jpg
data/TVData/0615/300-399/TVDATA-0615-0352.jpg
data/TVData/0615/300-399/TVDATA-0615-0310.jpg
data/TVData/0615/300-399/TVDATA-0615-0358.jpg
data/TVData/0615/300-399/TVDATA-0615-0306.jpg
data/TVData/0615/300-399/TVDATA-0615-0359.jpg
data/TVData/0615/300-399/TVDATA-0615-0338.jpg
data/TVData/0615/300-399/TVDATA-0615-0329.jpg
data/TVData/0615/300-399/TVDATA-0615-0344.jpg
data/TVData/0615/300-399/TVDATA-0615-0392.jpg
data/TVData/0615/300-399/TVDATA-0615-0382.jpg
data/TVData/0615/300-399/TVDATA-0615-0331.jpg
data/TVData/0615/300-399/TVDATA-0615-0356.jpg
data/TVData/0615/300-399/TVDATA-0615-0350.jpg
data/TVData/0615/300-399/TVDATA-0615-0377.jpg
data/TVData/0615/300-399/TVDATA-0615-0362.jpg
data/TVData/0615/300-399/TVDATA-0615-0399.jpg
data/TVData/0615/300-399/TVDATA-0615-0330.jpg
data/TVData/0615/300-399/TVDATA-0615-0397.jpg
data/TVData/0615/300-399/TVDATA-0615-0393.jpg
data/TVData/0615/300-399/TVDATA-0615-0370.jpg
data/TVData/0615/300-399/TVDATA-0615-0363.jpg
data/TVData/0615/300-399/TVDATA-0615-0324.jpg
data/TVData/0615/300-399/TVDATA-0615-0376.jpg
data/TVData/0615/300-399/TVDATA-0615-0347.jpg
data/TVData/0615/300-399/TVDATA-0615-0326.jpg
data/TVData/0615/300-399/TVDATA-0615-0364.jpg
data/TVData/0615/300-399/TVDATA-0615-0357.jpg
data/TVData/0615/300-399/TVDATA-0615-0369.jpg
data/TVData/0615/300-399/TVDATA-0615-0311.jpg
data/TVData/0615/300-399/TVDATA-0615-0302.jpg
data/TVData/0615/300-399/TVDATA-0615-0388.jpg
data/TVData/0615/300-399/TVDATA-0615-0375.jpg
data/TVData/0615/300-399/TVDATA-0615-0308.jpg
data/TVData/0615/300-399/TVDATA-0615-0317.jpg
data/TVData/0615/300-399/TVDATA-0615-0319.jpg
data/TVData/0615/300-399/TVDATA-0615-0379.jpg
data/TVData/0615/300-399/TVDATA-0615-0316.jpg
data/TVData/0615/300-399/TVDATA-0615-0390.jpg
data/TVData/0615/300-399/TVDATA-0615-0325.jpg
data/TVData/0615/300-399/TVDATA-0615-0348.jpg
data/TVData/0615/300-399/TVDATA-0615-0334.jpg
data/TVData/0615/300-399/TVDATA-0615-0339.jpg
data/TVData/0615/300-399/TVDATA-0615-0346.jpg
data/TVData/0615/300-399/TVDATA-0615-0368.jpg
data/TVData/0615/300-399/TVDATA-0615-0333.jpg
data/TVData/0615/300-399/TVDATA-0615-0300.jpg
data/TVData/0615/300-399/TVDATA-0615-0349.jpg
data/TVData/0615/300-399/TVDATA-0615-0328.jpg
data/TVData/0615/300-399/TVDATA-0615-0340.jpg
data/TVData/0615/300-399/TVDATA-0615-0383.jpg
data/TVData/0615/300-399/TVDATA-0615-0321.jpg
data/TVData/0615/300-399/TVDATA-0615-0332.jpg
data/TVData/0615/300-399/TVDATA-0615-0394.jpg
data/TVData/0615/300-399/TVDATA-0615-0336.jpg
data/TVData/0615/300-399/TVDATA-0615-0315.jpg
data/TVData/0615/300-399/TVDATA-0615-0351.jpg
data/TVData/0615/300-399/TVDATA-0615-0367.jpg
data/TVData/0615/300-399/TVDATA-0615-0327.jpg
data/TVData/0615/300-399/TVDATA-0615-0389.jpg
data/TVData/0615/300-399/TVDATA-0615-0305.jpg
data/TVData/0615/300-399/TVDATA-0615-0355.jpg
data/TVData/0615/300-399/TVDATA-0615-0381.jpg
data/TVData/0615/300-399/TVDATA-0615-0365.jpg
data/TVData/0615/300-399/TVDATA-0615-0335.jpg
data/TVData/0615/300-399/TVDATA-0615-0387.jpg
data/TVData/0615/300-399/TVDATA-0615-0374.jpg
data/TVData/0615/300-399/TVDATA-0615-0391.jpg
data/TVData/0615/300-399/TVDATA-0615-0360.jpg
data/TVData/0615/300-399/TVDATA-0615-0303.jpg
data/TVData/0615/300-399/TVDATA-0615-0309.jpg
data/TVData/0615/300-399/TVDATA-0615-0385.jpg
data/TVData/0615/300-399/TVDATA-0615-0322.jpg
data/TVData/0615/200-299/TVDATA-0615-0248.jpg
data/TVData/0615/200-299/TVDATA-0615-0249.jpg
data/TVData/0615/200-299/TVDATA-0615-0273.jpg
data/TVData/0615/200-299/TVDATA-0615-0287.jpg
data/TVData/0615/200-299/TVDATA-0615-0262.jpg
data/TVData/0615/200-299/TVDATA-0615-0211.jpg
data/TVData/0615/200-299/TVDATA-0615-0259.jpg
data/TVData/0615/200-299/TVDATA-0615-0247.jpg
data/TVData/0615/200-299/TVDATA-0615-0231.jpg
data/TVData/0615/200-299/TVDATA-0615-0266.jpg
data/TVData/0615/200-299/TVDATA-0615-0202.jpg
data/TVData/0615/200-299/TVDATA-0615-0218.jpg
data/TVData/0615/200-299/TVDATA-0615-0217.jpg
data/TVData/0615/200-299/TVDATA-0615-0226.jpg
data/TVData/0615/200-299/TVDATA-0615-0276.jpg
data/TVData/0615/200-299/TVDATA-0615-0232.jpg
data/TVData/0615/200-299/TVDATA-0615-0209.jpg
data/TVData/0615/200-299/TVDATA-0615-0265.jpg
data/TVData/0615/200-299/TVDATA-0615-0282.jpg
data/TVData/0615/200-299/TVDATA-0615-0200.jpg
data/TVData/0615/200-299/TVDATA-0615-0257.jpg
data/TVData/0615/200-299/TVDATA-0615-0256.jpg
data/TVData/0615/200-299/TVDATA-0615-0290.jpg
data/TVData/0615/200-299/TVDATA-0615-0280.jpg
data/TVData/0615/200-299/TVDATA-0615-0269.jpg
data/TVData/0615/200-299/TVDATA-0615-0227.jpg
data/TVData/0615/200-299/TVDATA-0615-0208.jpg
data/TVData/0615/200-299/TVDATA-0615-0207.jpg
data/TVData/0615/200-299/TVDATA-0615-0213.jpg
data/TVData/0615/200-299/TVDATA-0615-0225.jpg
data/TVData/0615/200-299/TVDATA-0615-0285.jpg
data/TVData/0615/200-299/TVDATA-0615-0219.jpg
data/TVData/0615/200-299/TVDATA-0615-0222.jpg
data/TVData/0615/200-299/TVDATA-0615-0250.jpg
data/TVData/0615/200-299/TVDATA-0615-0205.jpg
data/TVData/0615/200-299/TVDATA-0615-0223.jpg
data/TVData/0615/200-299/TVDATA-0615-0296.jpg
data/TVData/0615/200-299/TVDATA-0615-0228.jpg
data/TVData/0615/200-299/TVDATA-0615-0295.jpg
data/TVData/0615/200-299/TVDATA-0615-0220.jpg
data/TVData/0615/200-299/TVDATA-0615-0233.jpg
data/TVData/0615/200-299/TVDATA-0615-0286.jpg
data/TVData/0615/200-299/TVDATA-0615-0246.jpg
data/TVData/0615/200-299/TVDATA-0615-0284.jpg
data/TVData/0615/200-299/TVDATA-0615-0254.jpg
data/TVData/0615/200-299/TVDATA-0615-0216.jpg
data/TVData/0615/200-299/TVDATA-0615-0271.jpg
data/TVData/0615/200-299/TVDATA-0615-0288.jpg
data/TVData/0615/200-299/TVDATA-0615-0264.jpg
data/TVData/0615/200-299/TVDATA-0615-0242.jpg
data/TVData/0615/200-299/TVDATA-0615-0270.jpg
data/TVData/0615/200-299/TVDATA-0615-0258.jpg
data/TVData/0615/200-299/TVDATA-0615-0244.jpg
data/TVData/0615/200-299/TVDATA-0615-0214.jpg
data/TVData/0615/200-299/TVDATA-0615-0229.jpg
data/TVData/0615/200-299/TVDATA-0615-0278.jpg
data/TVData/0615/200-299/TVDATA-0615-0203.jpg
data/TVData/0615/200-299/TVDATA-0615-0293.jpg
data/TVData/0615/200-299/TVDATA-0615-0230.jpg
data/TVData/0615/200-299/TVDATA-0615-0212.jpg
data/TVData/0615/200-299/TVDATA-0615-0245.jpg
data/TVData/0615/200-299/TVDATA-0615-0291.jpg
data/TVData/0615/200-299/TVDATA-0615-0277.jpg
data/TVData/0615/200-299/TVDATA-0615-0253.jpg
data/TVData/0615/200-299/TVDATA-0615-0239.jpg
data/TVData/0615/200-299/TVDATA-0615-0261.jpg
data/TVData/0615/200-299/TVDATA-0615-0251.jpg
data/TVData/0615/200-299/TVDATA-0615-0263.jpg
data/TVData/0615/200-299/TVDATA-0615-0210.jpg
data/TVData/0615/200-299/TVDATA-0615-0206.jpg
data/TVData/0615/200-299/TVDATA-0615-0201.jpg
data/TVData/0615/200-299/TVDATA-0615-0235.jpg
data/TVData/0615/200-299/TVDATA-0615-0234.jpg
data/TVData/0615/200-299/TVDATA-0615-0237.jpg
data/TVData/0615/200-299/TVDATA-0615-0241.jpg
data/TVData/0615/200-299/TVDATA-0615-0215.jpg
data/TVData/0615/200-299/TVDATA-0615-0272.jpg
data/TVData/0615/400-499/TVDATA-0615-0485.jpg
data/TVData/0615/400-499/TVDATA-0615-0430.jpg
data/TVData/0615/400-499/TVDATA-0615-0455.jpg
data/TVData/0615/400-499/TVDATA-0615-0448.jpg
data/TVData/0615/400-499/TVDATA-0615-0446.jpg
data/TVData/0615/400-499/TVDATA-0615-0414.jpg
data/TVData/0615/400-499/TVDATA-0615-0400.jpg
data/TVData/0615/400-499/TVDATA-0615-0402.jpg
data/TVData/0615/400-499/TVDATA-0615-0445.jpg
data/TVData/0615/400-499/TVDATA-0615-0453.jpg
data/TVData/0615/400-499/TVDATA-0615-0438.jpg
data/TVData/0615/400-499/TVDATA-0615-0434.jpg
data/TVData/0615/400-499/TVDATA-0615-0439.jpg
data/TVData/0615/400-499/TVDATA-0615-0435.jpg
data/TVData/0615/400-499/TVDATA-0615-0491.jpg
data/TVData/0615/400-499/TVDATA-0615-0412.jpg
data/TVData/0615/400-499/TVDATA-0615-0478.jpg
data/TVData/0615/400-499/TVDATA-0615-0426.jpg
data/TVData/0615/400-499/TVDATA-0615-0428.jpg
data/TVData/0615/400-499/TVDATA-0615-0421.jpg
data/TVData/0615/400-499/TVDATA-0615-0429.jpg
data/TVData/0615/400-499/TVDATA-0615-0452.jpg
data/TVData/0615/400-499/TVDATA-0615-0495.jpg
data/TVData/0615/400-499/TVDATA-0615-0481.jpg
data/TVData/0615/400-499/TVDATA-0615-0417.jpg
data/TVData/0615/400-499/TVDATA-0615-0493.jpg
data/TVData/0615/400-499/TVDATA-0615-0437.jpg
data/TVData/0615/400-499/TVDATA-0615-0433.jpg
data/TVData/0615/400-499/TVDATA-0615-0440.jpg
data/TVData/0615/400-499/TVDATA-0615-0443.jpg
data/TVData/0615/400-499/TVDATA-0615-0456.jpg
data/TVData/0615/400-499/TVDATA-0615-0472.jpg
data/TVData/0615/400-499/TVDATA-0615-0407.jpg
data/TVData/0615/400-499/TVDATA-0615-0431.jpg
data/TVData/0615/400-499/TVDATA-0615-0463.jpg
data/TVData/0615/400-499/TVDATA-0615-0461.jpg
data/TVData/0615/400-499/TVDATA-0615-0422.jpg
data/TVData/0615/400-499/TVDATA-0615-0418.jpg
data/TVData/0615/400-499/TVDATA-0615-0409.jpg
data/TVData/0615/400-499/TVDATA-0615-0464.jpg
data/TVData/0615/400-499/TVDATA-0615-0415.jpg
data/TVData/0615/400-499/TVDATA-0615-0405.jpg
data/TVData/0615/400-499/TVDATA-0615-0492.jpg
data/TVData/0615/400-499/TVDATA-0615-0462.jpg
data/TVData/0615/400-499/TVDATA-0615-0454.jpg
data/TVData/0615/400-499/TVDATA-0615-0496.jpg
data/TVData/0615/400-499/TVDATA-0615-0487.jpg
data/TVData/0615/400-499/TVDATA-0615-0411.jpg
data/TVData/0615/400-499/TVDATA-0615-0444.jpg
data/TVData/0615/400-499/TVDATA-0615-0482.jpg
data/TVData/0615/400-499/TVDATA-0615-0474.jpg
data/TVData/0615/400-499/TVDATA-0615-0489.jpg
data/TVData/0615/400-499/TVDATA-0615-0419.jpg
data/TVData/0615/400-499/TVDATA-0615-0416.jpg
data/TVData/0615/400-499/TVDATA-0615-0471.jpg
data/TVData/0615/400-499/TVDATA-0615-0408.jpg
data/TVData/0615/400-499/TVDATA-0615-0404.jpg
data/TVData/0615/400-499/TVDATA-0615-0465.jpg
data/TVData/0615/400-499/TVDATA-0615-0423.jpg
data/TVData/0615/400-499/TVDATA-0615-0494.jpg
data/TVData/0615/400-499/TVDATA-0615-0432.jpg
data/TVData/0615/400-499/TVDATA-0615-0449.jpg
data/TVData/0615/400-499/TVDATA-0615-0458.jpg
data/TVData/0615/400-499/TVDATA-0615-0442.jpg
data/TVData/0615/400-499/TVDATA-0615-0499.jpg
data/TVData/0615/400-499/TVDATA-0615-0498.jpg
data/TVData/0615/400-499/TVDATA-0615-0490.jpg
data/TVData/0615/400-499/TVDATA-0615-0436.jpg
data/TVData/0615/400-499/TVDATA-0615-0497.jpg
data/TVData/0615/400-499/TVDATA-0615-0457.jpg
data/TVData/0615/400-499/TVDATA-0615-0467.jpg
data/TVData/0615/400-499/TVDATA-0615-0475.jpg
data/TVData/0615/400-499/TVDATA-0615-0470.jpg
data/TVData/0615/400-499/TVDATA-0615-0468.jpg
data/TVData/0615/400-499/TVDATA-0615-0477.jpg
data/TVData/0615/400-499/TVDATA-0615-0466.jpg
data/TVData/0615/400-499/TVDATA-0615-0459.jpg
data/TVData/0615/400-499/TVDATA-0615-0424.jpg
data/TVData/0615/400-499/TVDATA-0615-0469.jpg
data/TVData/0615/400-499/TVDATA-0615-0480.jpg
data/TVData/0615/400-499/TVDATA-0615-0488.jpg
data/TVData/0615/400-499/TVDATA-0615-0427.jpg
data/TVData/0615/400-499/TVDATA-0615-0451.jpg
data/TVData/0615/400-499/TVDATA-0615-0413.jpg
data/TVData/0615/400-499/TVDATA-0615-0450.jpg
data/TVData/0615/400-499/TVDATA-0615-0479.jpg
