data/TVData/2071/picture/100-199/Castsource-001-2020-05-29-22-27-14-0006.jpg
data/TVData/2104/SWU_001-2020-06-13-22-23-29-0047.jpg
data/TVData/2104/SWU_001-2020-06-13-22-23-29-0028.jpg
data/TVData/2105/SWU_001-2020-06-15-12-25-41-0042.jpg
data/TVData/2071/picture/201-299/CC-ON-VIDEO-2020-05-29-22-27-14-0003.jpg
data/TVData/2116/001-100/CC_ON_VIDEO-2020-06-22-09-14-08-0001.jpg
data/TVData/2098/001-099/Netflix-HDR10-001-2020-06-12-10-15-56-0011.jpg
data/TVData/2071/picture/400-499/Store-Demo-Disable-001-2020-05-29-22-27-14-0001.jpg
data/TVData/2071/picture/100-199/Cast-Netflix-HDR10-002-2020-05-29-22-27-14-0011.jpg
data/TVData/2105/SWU_001-2020-06-15-12-25-41-0109.jpg
data/TVData/2104/SWU_001-2020-06-13-22-23-29-0059.jpg
data/TVData/2071/picture/300-399/MP4-Playback-2020-05-29-22-27-14-0020.jpg
data/TVData/2071/picture/400-499/Netflix-Wake-001-2020-05-29-22-27-14-0002.jpg
data/TVData/0615/300-399/TVDATA-0615-0353.jpg
data/TVData/0617/picture/VID-20200617-134918-0025.jpg
data/TVData/2105/SWU_001-2020-06-15-12-25-41-0049.jpg
data/TVData/2103/SWU_001-2020-06-13-12-25-36-0040.jpg
data/TVData/0615/300-399/TVDATA-0615-0341.jpg
data/TVData/2116/101-200/Netflix_Wake_001-2020-06-22-09-14-08-0004.jpg
data/TVData/0615/200-299/TVDATA-0615-0260.jpg
data/TVData/2116/201-300/TVDCPIC_001-2020-06-22-09-14-08_1.jpg
data/TVData/0615/200-299/TVDATA-0615-0292.jpg
data/TVData/2116/101-200/Netflix_EDR_001-2020-06-22-09-14-08-0013.jpg
data/TVData/2105/SWU_001-2020-06-15-12-25-41-0041.jpg
data/TVData/0615/300-399/TVDATA-0615-0343.jpg
data/TVData/2105/SWU_001-2020-06-15-12-25-41-0017.jpg
data/TVData/2103/SWU_001-2020-06-13-12-25-36-0115.jpg
data/TVData/2071/picture/001-099/Cast-Disney+-2020-05-29-22-27-14-0030.jpg
data/TVData/2071/picture/001-099/Cast-Disney+-2020-05-29-22-27-14-0010.jpg
data/TVData/2116/101-200/Netflix_Wake_001-2020-06-22-09-14-08-0007.jpg
data/TVData/0615/500-599/TVDATA-0615-0513.jpg
data/TVData/0615/200-299/TVDATA-0615-0297.jpg
data/TVData/0617/picture/VID-20200617-134833-0007.jpg
data/TVData/2116/001-100/MP3_Playback-2020-06-22-09-14-08-0002.jpg
data/TVData/2116/001-100/Activity Data Terms_001-2020-06-22-09-14-08-0002.jpg
data/TVData/2105/SWU_001-2020-06-15-12-25-41-0065.jpg
data/TVData/0615/400-499/TVDATA-0615-0406.jpg
data/TVData/2071/picture/100-199/Cast-Netflix-SDR-002-2020-05-29-22-27-14-0031.jpg
data/TVData/2071/picture/300-399/HDMI3DCPIC-001-2020-05-29-22-27-14-1.jpg
data/TVData/0615/200-299/TVDATA-0615-0268.jpg
data/TVData/2071/picture/001-099/Cast-Disney+-2020-05-29-22-27-14-0013.jpg
data/TVData/0615/001-099/TVDATA-0615-0052.jpg
data/TVData/0615/300-399/TVDATA-0615-0318.jpg
data/TVData/2071/picture/100-199/Cast-Youtube-HDR10-2020-05-29-22-27-14-0004.jpg
data/TVData/0615/200-299/TVDATA-0615-0221.jpg
data/TVData/0615/100-199/TVDATA-0615-0169.jpg
data/TVData/0615/001-099/TVDATA-0615-0017.jpg
data/TVData/2105/SWU_001-2020-06-15-12-25-41-0026.jpg
data/TVData/2104/SWU_001-2020-06-13-22-23-29-0055.jpg
data/TVData/2105/SWU_001-2020-06-15-12-25-41-0015.jpg
data/TVData/2104/SWU_001-2020-06-13-22-23-29-0070.jpg
data/TVData/2116/101-200/Store_Demo_001-2020-06-22-09-14-08-0001.jpg
data/TVData/2116/101-200/Netflix_EDR_001-2020-06-22-09-14-08-0001.jpg
data/TVData/2104/SWU_001-2020-06-13-22-23-29-0101.jpg
data/TVData/2116/001-100/HDMI4_001-2020-06-22-09-14-08-0005.jpg
data/TVData/0615/500-599/TVDATA-0615-0505.jpg
data/TVData/0615/100-199/TVDATA-0615-0174.jpg
data/TVData/2071/picture/400-499/Netflix-EDR-001-2020-05-29-22-27-14-0016.jpg
data/TVData/2116/001-100/Colbat_Youtube_Playback-2020-06-22-09-14-08-0023.jpg
data/TVData/0615/300-399/TVDATA-0615-0342.jpg
data/TVData/2071/picture/001-099/Cast-Disney+-2020-05-29-22-27-14-0020.jpg
data/TVData/0617/picture/VID-20200617-134833-0012.jpg
data/TVData/0615/200-299/TVDATA-0615-0238.jpg
data/TVData/0617/picture/VID-20200617-134918-0023.jpg
data/TVData/0615/200-299/TVDATA-0615-0294.jpg
data/TVData/2116/101-200/MP4_Playback-2020-06-22-09-14-08-0013.jpg
data/TVData/2071/picture/201-299/Colbat-Youtube-Playback-2020-05-29-22-27-14-0007.jpg
data/TVData/2116/001-100/Castsource_001-2020-06-22-09-14-08-0004.jpg
data/TVData/2105/SWU_001-2020-06-15-12-25-41-0006.jpg
data/TVData/0615/500-599/TVDATA-0615-0527.jpg
data/TVData/2071/picture/300-399/HDMI1-001-2020-05-29-22-27-14-0001.jpg
data/TVData/2116/001-100/Colbat_Youtube_Playback-2020-06-22-09-14-08-0016.jpg
data/TVData/0615/500-599/TVDATA-0615-0504.jpg
data/TVData/2116/001-100/HDMI1_001-2020-06-22-09-14-08-0005.jpg
data/TVData/2103/SWU_001-2020-06-13-12-25-36-0111.jpg
data/TVData/2071/picture/300-399/COMPDCPIC-001-2020-05-29-22-27-14-1.jpg
data/TVData/2104/SWU_001-2020-06-13-22-23-29-0003.jpg
data/TVData/2116/001-100/Colbat_Youtube_Playback-2020-06-22-09-14-08-0001.jpg
data/TVData/2071/picture/100-199/Cast-Netflix-HDR10-002-2020-05-29-22-27-14-0006.jpg
data/TVData/0615/200-299/TVDATA-0615-0240.jpg
data/TVData/0615/400-499/TVDATA-0615-0484.jpg
data/TVData/2105/SWU_001-2020-06-15-12-25-41-0040.jpg
data/TVData/0615/001-099/TVDATA-0615-0027.jpg
data/TVData/2103/SWU_001-2020-06-13-12-25-36-0048.jpg
data/TVData/2105/SWU_001-2020-06-15-12-25-41-0046.jpg
data/TVData/2071/picture/001-099/Cast-Disney+-2020-05-29-22-27-14-0016.jpg
data/TVData/2071/picture/100-199/Castsource-001-2020-05-29-22-27-14-0004.jpg
data/TVData/2071/picture/001-099/Cast-Disney+-2020-05-29-22-27-14-0007.jpg
data/TVData/2071/picture/300-399/MP4-Playback-2020-05-29-22-27-14-0003.jpg
data/TVData/2071/picture/100-199/Castsource-001-2020-05-29-22-27-14-0002.jpg
data/TVData/2098/001-099/Netflix-EDR-001-2020-06-12-10-15-56-0015.jpg
data/TVData/2116/101-200/Netflix_EDR_001-2020-06-22-09-14-08-0007.jpg
data/TVData/2071/picture/400-499/SwitchtoCast-001-2020-05-29-22-27-14-1.jpg
data/TVData/0615/001-099/TVDATA-0615-0034.jpg
data/TVData/2071/picture/300-399/Netflix-EDR-001-2020-05-29-22-27-14-0006.jpg
data/TVData/0615/200-299/TVDATA-0615-0224.jpg
data/TVData/0615/100-199/TVDATA-0615-0104.jpg
data/TVData/0615/200-299/TVDATA-0615-0274.jpg
data/TVData/2104/SWU_001-2020-06-13-22-23-29-0050.jpg
data/TVData/2071/picture/201-299/Cast-Youtube-VP9-2020-05-29-22-27-14-0001.jpg
data/TVData/2071/picture/300-399/Netflix-EDR-001-2020-05-29-22-27-14-0012.jpg
data/TVData/2104/SWU_001-2020-06-13-22-23-29-0074.jpg
data/TVData/2105/SWU_001-2020-06-15-12-25-41-0012.jpg
data/TVData/0615/300-399/TVDATA-0615-0366.jpg
data/TVData/2105/SWU_001-2020-06-15-12-25-41-0001.jpg
data/TVData/2071/picture/001-099/Cast-Disney+-2020-05-29-22-27-14-0019.jpg
data/TVData/2116/101-200/MP4_Playback-2020-06-22-09-14-08-0022.jpg
data/TVData/2098/001-099/Amazon-wake-001-2020-06-12-10-15-56-1.jpg
data/TVData/2103/SWU_001-2020-06-13-12-25-36-0097.jpg
data/TVData/2105/SWU_001-2020-06-15-12-25-41-0090.jpg
data/TVData/2071/picture/300-399/HDMI4DCPIC-001-2020-05-29-22-27-14-1.jpg
data/TVData/2116/201-300/SWU_001-2020-06-22-09-14-08-0004.jpg
data/TVData/2104/SWU_001-2020-06-13-22-23-29-0027.jpg
data/TVData/2071/picture/300-399/Colbat-Youtube-Playback-2020-05-29-22-27-14-0022.jpg
data/TVData/2071/picture/400-499/Store-Demo-Disable-001-2020-05-29-22-27-14-0003.jpg
data/TVData/2098/100-199/SWU-001-2020-06-12-10-15-56-0004.jpg
data/TVData/2071/picture/100-199/Cast-Netflix-SDR-002-2020-05-29-22-27-14-0032.jpg
data/TVData/2071/picture/001-099/Cast-Netflix-DolbyVision-002-2020-05-29-22-27-14-0002.jpg
data/TVData/2098/100-199/TTS-ON-VIDEO-2020-06-12-10-15-56-0004.jpg
data/TVData/2098/001-099/COMPPIC-001-2020-06-12-10-15-56-0002.jpg
data/TVData/0615/300-399/TVDATA-0615-0386.jpg
data/TVData/0615/300-399/TVDATA-0615-0373.jpg
data/TVData/2071/picture/300-399/MP3-Playback-2020-05-29-22-27-14-0001.jpg
data/TVData/2071/picture/001-099/Cast-Netflix-DolbyVision-002-2020-05-29-22-27-14-0042.jpg
data/TVData/0615/300-399/TVDATA-0615-0337.jpg
data/TVData/2098/001-099/Netflix-HDR10-001-2020-06-12-10-15-56-0015.jpg
data/TVData/0615/200-299/TVDATA-0615-0204.jpg
data/TVData/2104/SWU_001-2020-06-13-22-23-29-0086.jpg
data/TVData/0615/400-499/TVDATA-0615-0460.jpg
data/TVData/2071/picture/300-399/Netflix-EDR-001-2020-05-29-22-27-14-0002.jpg
data/TVData/2103/SWU_001-2020-06-13-12-25-36-0042.jpg
data/TVData/0615/100-199/TVDATA-0615-0135.jpg
data/TVData/2103/SWU_001-2020-06-13-12-25-36-0056.jpg
data/TVData/0615/300-399/TVDATA-0615-0384.jpg
data/TVData/2103/SWU_001-2020-06-13-12-25-36-0078.jpg
data/TVData/2104/SWU_001-2020-06-13-22-23-29-0112.jpg
data/TVData/2116/001-100/HDMI4_001-2020-06-22-09-14-08-0002.jpg
data/TVData/2098/001-099/Netflix-HDR10-001-2020-06-12-10-15-56-0009.jpg
data/TVData/0617/picture/VID-20200617-134918-0005.jpg
data/TVData/0615/400-499/TVDATA-0615-0483.jpg
data/TVData/2103/SWU_001-2020-06-13-12-25-36-0008.jpg
data/TVData/2103/SWU_001-2020-06-13-12-25-36-0101.jpg
data/TVData/0615/200-299/TVDATA-0615-0275.jpg
data/TVData/2105/SWU_001-2020-06-15-12-25-41-0043.jpg
data/TVData/2071/picture/201-299/Cast-Youtube-VP9-2020-05-29-22-27-14-0041.jpg
data/TVData/2071/picture/100-199/Cast-Youtube-HDR10-2020-05-29-22-27-14-0011.jpg
data/TVData/2071/picture/300-399/MP4-Playback-2020-05-29-22-27-14-0005.jpg
data/TVData/0615/100-199/TVDATA-0615-0131.jpg
data/TVData/2116/001-100/CastDCPIC_001-2020-06-22-09-14-08_1.jpg
data/TVData/2104/SWU_001-2020-06-13-22-23-29-0102.jpg
data/TVData/0615/001-099/TVDATA-0615-0003.jpg
data/TVData/2071/picture/400-499/Netflix-SDR-001-2020-05-29-22-27-14-0012.jpg
data/TVData/2098/100-199/Netflix-Wake-001-2020-06-12-10-15-56-0005.jpg
data/TVData/2105/SWU_001-2020-06-15-12-25-41-0116.jpg
data/TVData/2071/picture/001-099/Cast-Disney+-2020-05-29-22-27-14-0033.jpg
data/TVData/2071/picture/201-299/Cast-Youtube-VP9-2020-05-29-22-27-14-0004.jpg
data/TVData/2103/SWU_001-2020-06-13-12-25-36-0046.jpg
data/TVData/2116/001-100/HDMI1_001-2020-06-22-09-14-08-0004.jpg
data/TVData/0615/100-199/TVDATA-0615-0106.jpg
data/TVData/2071/picture/300-399/Colbat-Youtube-Playback-2020-05-29-22-27-14-0020.jpg
data/TVData/0615/100-199/TVDATA-0615-0179.jpg
data/TVData/2071/picture/001-099/Cast-Netflix-DolbyVision-002-2020-05-29-22-27-14-0012.jpg
data/TVData/0615/100-199/TVDATA-0615-0156.jpg
data/TVData/0615/001-099/TVDATA-0615-0046.jpg
data/TVData/2105/SWU_001-2020-06-15-12-25-41-0102.jpg
data/TVData/0615/100-199/TVDATA-0615-0195.jpg
data/TVData/0615/100-199/TVDATA-0615-0111.jpg
data/TVData/2104/SWU_001-2020-06-13-22-23-29-0093.jpg
data/TVData/2098/001-099/HDMI1-001-2020-06-12-10-15-56-0003.jpg
data/TVData/2071/picture/201-299/Colbat-Youtube-Playback-2020-05-29-22-27-14-0009.jpg
data/TVData/2105/SWU_001-2020-06-15-12-25-41-0045.jpg
data/TVData/2071/picture/100-199/Cast-Netflix-SDR-002-2020-05-29-22-27-14-0040.jpg
data/TVData/0615/100-199/TVDATA-0615-0199.jpg
data/TVData/2103/SWU_001-2020-06-13-12-25-36-0043.jpg
data/TVData/0615/100-199/TVDATA-0615-0127.jpg
data/TVData/2071/picture/300-399/Colbat-Youtube-Playback-2020-05-29-22-27-14-0015.jpg
data/TVData/0617/picture/VID-20200617-134833-0002.jpg
data/TVData/0615/300-399/TVDATA-0615-0314.jpg
data/TVData/0615/200-299/TVDATA-0615-0252.jpg
data/TVData/2105/SWU_001-2020-06-15-12-25-41-0070.jpg
data/TVData/2071/picture/001-099/Cast-Disney+-2020-05-29-22-27-14-0029.jpg
data/TVData/2071/picture/001-099/Cast-Disney+-2020-05-29-22-27-14-0024.jpg
data/TVData/2103/SWU_001-2020-06-13-12-25-36-0090.jpg
data/TVData/2098/100-199/Netflix-Wake-001-2020-06-12-10-15-56-0006.jpg
data/TVData/2116/201-300/SWU_001-2020-06-22-09-14-08-0003.jpg
data/TVData/2104/SWU_001-2020-06-13-22-23-29-0109.jpg
data/TVData/0615/300-399/TVDATA-0615-0301.jpg
data/TVData/2105/SWU_001-2020-06-15-12-25-41-0028.jpg
data/TVData/0615/001-099/TVDATA-0615-0038.jpg
data/TVData/2104/SWU_001-2020-06-13-22-23-29-0104.jpg
data/TVData/0615/300-399/TVDATA-0615-0313.jpg
data/TVData/2071/picture/100-199/Cast-Netflix-HDR10-002-2020-05-29-22-27-14-0039.jpg
data/TVData/2071/picture/001-099/AnalogTV-VIDEO-2020-05-29-22-27-14-0001.jpg
data/TVData/2071/picture/201-299/Cast-Youtube-VP9-2020-05-29-22-27-14-0029.jpg
data/TVData/0615/100-199/TVDATA-0615-0187.jpg
data/TVData/0615/400-499/TVDATA-0615-0401.jpg
data/TVData/2116/201-300/Store_Demo_Disable_001-2020-06-22-09-14-08-0004.jpg
data/TVData/2098/001-099/Netflix-HDR10-001-2020-06-12-10-15-56-0010.jpg
data/TVData/0617/picture/VID-20200617-134918-0010.jpg
data/TVData/2103/SWU_001-2020-06-13-12-25-36-0038.jpg
data/TVData/0615/001-099/TVDATA-0615-0009.jpg
data/TVData/2098/001-099/HDMI1-001-2020-06-12-10-15-56-0004.jpg
data/TVData/2116/001-100/Colbat_Youtube_Playback-2020-06-22-09-14-08-0003.jpg
data/TVData/0615/200-299/TVDATA-0615-0255.jpg
data/TVData/2098/100-199/SWU-001-2020-06-12-10-15-56-0001.jpg
data/TVData/2116/001-100/HDMI3_001-2020-06-22-09-14-08-0003.jpg
data/TVData/0617/picture/VID-20200617-134918-0029.jpg
data/TVData/2105/SWU_001-2020-06-15-12-25-41-0094.jpg
data/TVData/2116/001-100/Castsource_001-2020-06-22-09-14-08-0001.jpg
data/TVData/2105/SWU_001-2020-06-15-12-25-41-0082.jpg
data/TVData/2098/001-099/Netflix-SDR-001-2020-06-12-10-15-56-0002.jpg
data/TVData/2104/SWU_001-2020-06-13-22-23-29-0060.jpg
data/TVData/2103/SWU_001-2020-06-13-12-25-36-0050.jpg
data/TVData/2116/001-100/HDMI3_001-2020-06-22-09-14-08-0005.jpg
data/TVData/0615/400-499/TVDATA-0615-0420.jpg
data/TVData/0615/300-399/TVDATA-0615-0371.jpg
data/TVData/0615/100-199/TVDATA-0615-0178.jpg
data/TVData/2105/SWU_001-2020-06-15-12-25-41-0100.jpg
data/TVData/2116/001-100/HDMI4_001-2020-06-22-09-14-08-0003.jpg
data/TVData/2103/SWU_001-2020-06-13-12-25-36-0110.jpg
data/TVData/0615/300-399/TVDATA-0615-0372.jpg
data/TVData/2103/SWU_001-2020-06-13-12-25-36-0113.jpg
data/TVData/0615/200-299/TVDATA-0615-0243.jpg
data/TVData/2098/001-099/Activity Data Terms-001-2020-06-12-10-06-42-0001.jpg
data/TVData/0615/400-499/TVDATA-0615-0447.jpg
data/TVData/0615/200-299/TVDATA-0615-0289.jpg
data/TVData/2071/picture/001-099/Cast-Netflix-DolbyVision-002-2020-05-29-22-27-14-0040.jpg
data/TVData/0615/001-099/TVDATA-0615-0031.jpg
data/TVData/2071/picture/300-399/HDMI2-001-2020-05-29-22-27-14-0005.jpg
data/TVData/0615/100-199/TVDATA-0615-0119.jpg
data/TVData/0615/300-399/TVDATA-0615-0380.jpg
data/TVData/2104/SWU_001-2020-06-13-22-23-29-0081.jpg
data/TVData/2071/picture/201-299/Colbat-Youtube-Playback-2020-05-29-22-27-14-0008.jpg
data/TVData/0615/300-399/TVDATA-0615-0323.jpg
data/TVData/0615/300-399/TVDATA-0615-0304.jpg
data/TVData/2071/picture/300-399/MP4-Playback-2020-05-29-22-27-14-0026.jpg
data/TVData/2071/picture/100-199/Cast-Netflix-SDR-002-2020-05-29-22-27-14-0006.jpg
data/TVData/0615/500-599/TVDATA-0615-0502.jpg
data/TVData/2116/101-200/Netflix_SDR_001-2020-06-22-09-14-08-0007.jpg
data/TVData/2071/picture/201-299/Cast-Youtube-VP9-2020-05-29-22-27-14-0027.jpg
data/TVData/0615/100-199/TVDATA-0615-0198.jpg
data/TVData/0615/001-099/TVDATA-0615-0074.jpg
data/TVData/2116/101-200/Netflix_HDR10_001-2020-06-22-09-14-08-0002.jpg
data/TVData/2103/SWU_001-2020-06-13-12-25-36-0061.jpg
data/TVData/2105/SWU_001-2020-06-15-12-25-41-0117.jpg
data/TVData/0615/500-599/TVDATA-0615-0503.jpg
data/TVData/2105/SWU_001-2020-06-15-12-25-41-0057.jpg
data/TVData/2098/001-099/HDMI3-001-2020-06-12-10-15-56-0004.jpg
data/TVData/0615/300-399/TVDATA-0615-0361.jpg
data/TVData/2103/SWU_001-2020-06-13-12-25-36-0067.jpg
data/TVData/0615/100-199/TVDATA-0615-0142.jpg
data/TVData/2116/101-200/Netflix_HDR10_001-2020-06-22-09-14-08-0010.jpg
data/TVData/0615/400-499/TVDATA-0615-0486.jpg
data/TVData/0615/100-199/TVDATA-0615-0176.jpg
data/TVData/2071/picture/100-199/Cast-Netflix-HDR10-002-2020-05-29-22-27-14-0012.jpg
data/TVData/2071/picture/400-499/Netflix-HDR10-001-2020-05-29-22-27-14-0004.jpg
data/TVData/0615/400-499/TVDATA-0615-0476.jpg
data/TVData/0615/200-299/TVDATA-0615-0236.jpg
data/TVData/2104/SWU_001-2020-06-13-22-23-29-0117.jpg
data/TVData/0615/200-299/TVDATA-0615-0279.jpg
data/TVData/0615/400-499/TVDATA-0615-0425.jpg
data/TVData/2105/SWU_001-2020-06-15-12-25-41-0056.jpg
data/TVData/2098/001-099/Netflix-SDR-001-2020-06-12-10-15-56-0011.jpg
data/TVData/0615/200-299/TVDATA-0615-0283.jpg
data/TVData/2104/SWU_001-2020-06-13-22-23-29-0080.jpg
data/TVData/2071/picture/100-199/Cast-Netflix-SDR-002-2020-05-29-22-27-14-0010.jpg
data/TVData/2116/001-100/HDMI3_001-2020-06-22-09-14-08-0002.jpg
data/TVData/2098/001-099/HDMI4-001-2020-06-12-10-15-56-0004.jpg
data/TVData/2071/picture/400-499/Netflix-HDR10-001-2020-05-29-22-27-14-0003.jpg
data/TVData/0615/001-099/TVDATA-0615-0081.jpg
data/TVData/2103/SWU_001-2020-06-13-12-25-36-0062.jpg
data/TVData/0615/200-299/TVDATA-0615-0281.jpg
data/TVData/0615/001-099/TVDATA-0615-0083.jpg
data/TVData/0615/100-199/TVDATA-0615-0183.jpg
data/TVData/0615/100-199/TVDATA-0615-0188.jpg
data/TVData/2098/001-099/Netflix-EDR-001-2020-06-12-10-15-56-0010.jpg
data/TVData/2116/001-100/Colbat_Youtube_Playback-2020-06-22-09-14-08-0026.jpg
data/TVData/0615/001-099/TVDATA-0615-0030.jpg
data/TVData/0615/100-199/TVDATA-0615-0129.jpg
data/TVData/2116/201-300/VUDU_launch_001-2020-06-22-09-14-08-0004.jpg
data/TVData/0615/100-199/TVDATA-0615-0168.jpg
data/TVData/0615/100-199/TVDATA-0615-0120.jpg
data/TVData/2098/001-099/CC-ON-VIDEO-2020-06-12-10-15-56-0002.jpg
data/TVData/2071/picture/001-099/Cast-Netflix-DolbyVision-002-2020-05-29-22-27-14-0021.jpg
data/TVData/2105/SWU_001-2020-06-15-12-25-41-0003.jpg
data/TVData/0615/001-099/TVDATA-0615-0043.jpg
data/TVData/2103/SWU_001-2020-06-13-12-25-36-0031.jpg
data/TVData/2105/SWU_001-2020-06-15-12-25-41-0096.jpg
data/TVData/0615/001-099/TVDATA-0615-0015.jpg
data/TVData/2071/picture/001-099/Cast-Disney+-2020-05-29-22-27-14-0025.jpg
data/TVData/2071/picture/400-499/SwitchtoTV-001-2020-05-29-22-27-14-1.jpg
data/TVData/2102/SWU_001-2020-06-12-22-23-30-0003.jpg
data/TVData/0615/200-299/TVDATA-0615-0267.jpg
data/TVData/2103/SWU_001-2020-06-13-12-25-36-0086.jpg
data/TVData/2071/picture/201-299/Cast-Youtube-HDR10-2020-05-29-22-27-14-0018.jpg
data/TVData/2071/picture/300-399/Colbat-Youtube-Playback-2020-05-29-22-27-14-0024.jpg
data/TVData/0615/300-399/TVDATA-0615-0320.jpg
data/TVData/2071/picture/400-499/Netflix-SDR-001-2020-05-29-22-27-14-0004.jpg
data/TVData/0615/100-199/TVDATA-0615-0194.jpg
data/TVData/2116/001-100/Castsource_001-2020-06-22-09-14-08-0002.jpg
data/TVData/2103/SWU_001-2020-06-13-12-25-36-0011.jpg
data/TVData/2071/picture/400-499/Volume-Volume-001-2020-05-29-22-27-14-1.jpg
data/TVData/2098/001-099/Activity Data Terms-001-2020-06-12-10-15-56-0003.jpg
data/TVData/2104/SWU_001-2020-06-13-22-23-29-0023.jpg
data/TVData/2071/picture/001-099/Cast-Netflix-DolbyVision-002-2020-05-29-22-27-14-0030.jpg
data/TVData/2071/picture/300-399/MP4-Playback-2020-05-29-22-27-14-0025.jpg
data/TVData/2116/201-300/Store_Demo_Disable_001-2020-06-22-09-14-08-0001.jpg
data/TVData/2116/101-200/Netflix_HDR10_001-2020-06-22-09-14-08-0016.jpg
data/TVData/2116/201-300/SwitchtoTV_001-2020-06-22-09-14-08_1.jpg
data/TVData/2071/picture/300-399/MP4-Playback-2020-05-29-22-27-14-0028.jpg
data/TVData/2071/picture/300-399/Colbat-Youtube-Playback-2020-05-29-22-27-14-0028.jpg
data/TVData/0615/001-099/TVDATA-0615-0092.jpg
data/TVData/2103/SWU_001-2020-06-13-12-25-36-0083.jpg
data/TVData/2116/001-100/MP4_Playback-2020-06-22-09-14-08-0002.jpg
data/TVData/2071/picture/300-399/Colbat-Youtube-Playback-2020-05-29-22-27-14-0026.jpg
data/TVData/0615/400-499/TVDATA-0615-0410.jpg
data/TVData/2071/picture/001-099/Cast-Disney+-2020-05-29-22-27-14-0026.jpg
data/TVData/2098/001-099/Netflix-Wake-001-2020-06-12-10-15-56-0004.jpg
data/TVData/0615/001-099/TVDATA-0615-0093.jpg
data/TVData/0615/300-399/TVDATA-0615-0398.jpg
data/TVData/2071/picture/300-399/COMPPIC-001-2020-05-29-22-27-14-0005.jpg
data/TVData/2071/picture/001-099/Cast-Netflix-DolbyVision-002-2020-05-29-22-27-14-0031.jpg
data/TVData/2071/picture/201-299/Cast-Youtube-VP9-2020-05-29-22-27-14-0016.jpg
data/TVData/2105/SWU_001-2020-06-15-12-25-41-0081.jpg
data/TVData/2116/101-200/Store_Demo_001-2020-06-22-09-14-08-0002.jpg
data/TVData/2103/SWU_001-2020-06-13-12-25-36-0064.jpg
data/TVData/0615/500-599/TVDATA-0615-0511.jpg
data/TVData/0615/400-499/TVDATA-0615-0473.jpg
data/TVData/2071/picture/100-199/Cast-Netflix-HDR10-002-2020-05-29-22-27-14-0017.jpg
data/TVData/2098/001-099/COMPPIC-001-2020-06-12-10-15-56-0005.jpg
data/TVData/0617/picture/VID-20200617-134918-0021.jpg
data/TVData/2071/picture/300-399/HDMI4-001-2020-05-29-22-27-14-0001.jpg
data/TVData/2071/picture/400-499/Netflix-SDR-001-2020-05-29-22-27-14-0009.jpg
data/TVData/0615/100-199/TVDATA-0615-0103.jpg
data/TVData/0615/001-099/TVDATA-0615-0097.jpg
data/TVData/2071/picture/001-099/Cast-Netflix-DolbyVision-002-2020-05-29-22-27-14-0011.jpg
data/TVData/2103/SWU_001-2020-06-13-12-25-36-0037.jpg
data/TVData/2071/picture/100-199/Cast-Netflix-HDR10-002-2020-05-29-22-27-14-0030.jpg
data/TVData/2071/picture/300-399/MP4-Playback-2020-05-29-22-27-14-0012.jpg
data/TVData/2098/100-199/Store-Demo-001-2020-06-12-10-15-56-0011.jpg
data/TVData/0615/100-199/TVDATA-0615-0146.jpg
data/TVData/2116/101-200/Netflix_SDR_001-2020-06-22-09-14-08-0014.jpg
data/TVData/0615/400-499/TVDATA-0615-0403.jpg
data/TVData/2116/101-200/MP4_Playback-2020-06-22-09-14-08-0011.jpg
data/TVData/0615/200-299/TVDATA-0615-0299.jpg
data/TVData/2116/001-100/Colbat_Youtube_Playback-2020-06-22-09-14-08-0006.jpg
data/TVData/2116/101-200/MP4_Playback-2020-06-22-09-14-08-0021.jpg
data/TVData/0615/001-099/TVDATA-0615-0004.jpg
data/TVData/0615/300-399/TVDATA-0615-0345.jpg
data/TVData/2116/101-200/Netflix_SDR_001-2020-06-22-09-14-08-0013.jpg
data/TVData/2071/picture/400-499/TTS-ON-VIDEO-2020-05-29-22-27-14-0002.jpg
data/TVData/0615/400-499/TVDATA-0615-0441.jpg
data/TVData/2071/picture/201-299/Cast-Youtube-HDR10-2020-05-29-22-27-14-0039.jpg
data/TVData/2071/picture/001-099/Cast-Netflix-DolbyVision-002-2020-05-29-22-27-14-0004.jpg
data/TVData/0615/200-299/TVDATA-0615-0298.jpg
data/TVData/2116/001-100/Cast_Netflix_SDR_002-2020-06-22-09-14-08-0002.jpg
data/TVData/0617/picture/VID-20200617-134833-0015.jpg
data/TVData/2098/001-099/HDMI4-001-2020-06-12-10-15-56-0002.jpg
data/TVData/2116/201-300/VUDU_launch_001-2020-06-22-09-14-08-0003.jpg
data/TVData/2105/SWU_001-2020-06-15-12-25-41-0032.jpg
data/TVData/2071/picture/201-299/Cast-Youtube-VP9-2020-05-29-22-27-14-0035.jpg
